TN:
SF:src\app.ts
FN:16,(anonymous_0)
FN:25,(anonymous_1)
FN:52,(anonymous_2)
FN:75,(anonymous_3)
FN:95,(anonymous_4)
FN:98,(anonymous_5)
FN:99,(anonymous_6)
FN:114,(anonymous_7)
FN:116,(anonymous_8)
FN:119,(anonymous_9)
FN:121,(anonymous_10)
FN:130,(anonymous_11)
FN:150,createApp
FNF:13
FNH:0
FNDA:0,(anonymous_0)
FNDA:0,(anonymous_1)
FNDA:0,(anonymous_2)
FNDA:0,(anonymous_3)
FNDA:0,(anonymous_4)
FNDA:0,(anonymous_5)
FNDA:0,(anonymous_6)
FNDA:0,(anonymous_7)
FNDA:0,(anonymous_8)
FNDA:0,(anonymous_9)
FNDA:0,(anonymous_10)
FNDA:0,(anonymous_11)
FNDA:0,createApp
DA:17,0
DA:18,0
DA:19,0
DA:26,0
DA:28,0
DA:30,0
DA:31,0
DA:34,0
DA:37,0
DA:40,0
DA:42,0
DA:44,0
DA:45,0
DA:53,0
DA:54,0
DA:56,0
DA:57,0
DA:60,0
DA:62,0
DA:63,0
DA:64,0
DA:67,0
DA:68,0
DA:76,0
DA:77,0
DA:79,0
DA:80,0
DA:82,0
DA:84,0
DA:87,0
DA:88,0
DA:96,0
DA:98,0
DA:99,0
DA:100,0
DA:102,0
DA:103,0
DA:104,0
DA:107,0
DA:108,0
DA:114,0
DA:115,0
DA:116,0
DA:119,0
DA:120,0
DA:121,0
DA:124,0
DA:131,0
DA:133,0
DA:136,0
DA:137,0
DA:139,0
DA:142,0
DA:143,0
DA:144,0
DA:151,0
DA:152,0
LF:57
LH:0
BRDA:56,0,0,0
BRDA:64,1,0,0
BRDA:64,1,1,0
BRDA:79,2,0,0
BRF:4
BRH:0
end_of_record
TN:
SF:src\config.ts
FNF:0
FNH:0
DA:36,0
LF:1
LH:0
BRF:0
BRH:0
end_of_record
TN:
SF:src\bot\Controllers.ts
FN:24,(anonymous_0)
FNF:1
FNH:0
FNDA:0,(anonymous_0)
DA:13,0
DA:14,0
DA:15,0
DA:16,0
DA:25,0
DA:27,0
DA:28,0
DA:29,0
DA:30,0
LF:9
LH:0
BRF:0
BRH:0
end_of_record
TN:
SF:src\bot\bot.ts
FN:6,startBot
FN:10,(anonymous_1)
FN:12,(anonymous_2)
FN:29,(anonymous_3)
FNF:4
FNH:0
FNDA:0,startBot
FNDA:0,(anonymous_1)
FNDA:0,(anonymous_2)
FNDA:0,(anonymous_3)
DA:7,0
DA:8,0
DA:10,0
DA:12,0
DA:24,0
DA:25,0
DA:26,0
DA:28,0
DA:29,0
DA:30,0
DA:34,0
LF:11
LH:0
BRF:0
BRH:0
end_of_record
TN:
SF:src\bot\actions\aiAnswerAction.ts
FN:20,aiAnswerAction
FN:42,startQueue
FN:49,(anonymous_2)
FN:62,(anonymous_3)
FN:67,(anonymous_4)
FN:73,throttleQuery
FN:74,(anonymous_6)
FN:79,(anonymous_7)
FN:81,(anonymous_8)
FN:98,getBotMessage
FNF:10
FNH:0
FNDA:0,aiAnswerAction
FNDA:0,startQueue
FNDA:0,(anonymous_2)
FNDA:0,(anonymous_3)
FNDA:0,(anonymous_4)
FNDA:0,throttleQuery
FNDA:0,(anonymous_6)
FNDA:0,(anonymous_7)
FNDA:0,(anonymous_8)
FNDA:0,getBotMessage
DA:13,0
DA:15,0
DA:17,0
DA:18,0
DA:21,0
DA:22,0
DA:23,0
DA:25,0
DA:26,0
DA:29,0
DA:30,0
DA:32,0
DA:35,0
DA:36,0
DA:37,0
DA:43,0
DA:44,0
DA:46,0
DA:47,0
DA:49,0
DA:50,0
DA:53,0
DA:55,0
DA:56,0
DA:59,0
DA:62,0
DA:63,0
DA:66,0
DA:67,0
DA:68,0
DA:74,0
DA:75,0
DA:76,0
DA:78,0
DA:79,0
DA:80,0
DA:81,0
DA:82,0
DA:83,0
DA:86,0
DA:90,0
DA:93,0
DA:99,0
DA:100,0
DA:101,0
DA:102,0
DA:103,0
DA:104,0
DA:105,0
DA:107,0
DA:108,0
DA:110,0
DA:111,0
DA:112,0
DA:113,0
DA:114,0
DA:115,0
DA:116,0
DA:117,0
DA:121,0
LF:60
LH:0
BRDA:21,0,0,0
BRDA:25,1,0,0
BRDA:29,2,0,0
BRDA:29,2,1,0
BRDA:35,3,0,0
BRDA:46,4,0,0
BRDA:55,5,0,0
BRDA:75,6,0,0
BRDA:75,6,1,0
BRDA:80,7,0,0
BRDA:80,7,1,0
BRDA:107,8,0,0
BRDA:107,9,0,0
BRDA:107,9,1,0
BRDA:107,9,2,0
BRDA:110,10,0,0
BRDA:110,10,1,0
BRDA:112,11,0,0
BRDA:112,11,1,0
BRDA:112,12,0,0
BRDA:112,12,1,0
BRDA:114,13,0,0
BRDA:114,13,1,0
BRDA:116,14,0,0
BRF:24
BRH:0
end_of_record
TN:
SF:src\bot\actions\answerAction.ts
FN:11,answerAction
FN:45,askLlama
FN:50,(anonymous_2)
FNF:3
FNH:0
FNDA:0,answerAction
FNDA:0,askLlama
FNDA:0,(anonymous_2)
DA:12,0
DA:13,0
DA:14,0
DA:15,0
DA:17,0
DA:18,0
DA:21,0
DA:22,0
DA:23,0
DA:25,0
DA:26,0
DA:27,0
DA:29,0
DA:30,0
DA:31,0
DA:33,0
DA:37,0
DA:39,0
DA:40,0
DA:46,0
DA:47,0
DA:50,0
DA:51,0
DA:54,0
DA:56,0
DA:58,0
LF:26
LH:0
BRDA:17,0,0,0
BRDA:17,1,0,0
BRDA:17,1,1,0
BRDA:17,1,2,0
BRDA:29,2,0,0
BRDA:30,3,0,0
BRDA:30,3,1,0
BRDA:39,4,0,0
BRDA:39,5,0,0
BRDA:39,5,1,0
BRDA:46,6,0,0
BRF:11
BRH:0
end_of_record
TN:
SF:src\bot\bot\Bot.ts
FN:24,(anonymous_0)
FN:28,(anonymous_1)
FN:32,(anonymous_2)
FN:36,(anonymous_3)
FN:40,(anonymous_4)
FN:44,(anonymous_5)
FN:48,(anonymous_6)
FN:52,(anonymous_7)
FN:56,(anonymous_8)
FN:60,(anonymous_9)
FN:64,(anonymous_10)
FNF:11
FNH:0
FNDA:0,(anonymous_0)
FNDA:0,(anonymous_1)
FNDA:0,(anonymous_2)
FNDA:0,(anonymous_3)
FNDA:0,(anonymous_4)
FNDA:0,(anonymous_5)
FNDA:0,(anonymous_6)
FNDA:0,(anonymous_7)
FNDA:0,(anonymous_8)
FNDA:0,(anonymous_9)
FNDA:0,(anonymous_10)
DA:25,0
DA:29,0
DA:33,0
DA:37,0
DA:41,0
DA:45,0
DA:49,0
DA:53,0
DA:57,0
DA:61,0
DA:65,0
LF:11
LH:0
BRF:0
BRH:0
end_of_record
TN:
SF:src\bot\controllers\CommandController.ts
FN:15,(anonymous_0)
FN:26,(anonymous_1)
FN:30,(anonymous_2)
FN:34,(anonymous_3)
FN:38,(anonymous_4)
FNF:5
FNH:0
FNDA:0,(anonymous_0)
FNDA:0,(anonymous_1)
FNDA:0,(anonymous_2)
FNDA:0,(anonymous_3)
FNDA:0,(anonymous_4)
DA:16,0
DA:17,0
DA:18,0
DA:20,0
DA:27,0
DA:31,0
DA:35,0
DA:39,0
DA:40,0
DA:41,0
DA:42,0
DA:44,0
LF:12
LH:0
BRDA:40,0,0,0
BRDA:40,0,1,0
BRF:2
BRH:0
end_of_record
TN:
SF:src\bot\controllers\MemberController.ts
FN:35,(anonymous_0)
FN:38,(anonymous_1)
FN:42,(anonymous_2)
FN:54,(anonymous_3)
FN:74,(anonymous_4)
FN:75,(anonymous_5)
FN:85,(anonymous_6)
FN:92,(anonymous_7)
FN:106,(anonymous_8)
FN:120,(anonymous_9)
FN:132,(anonymous_10)
FN:160,(anonymous_11)
FN:174,(anonymous_12)
FN:184,(anonymous_13)
FN:197,(anonymous_14)
FN:214,(anonymous_15)
FN:218,(anonymous_16)
FN:229,(anonymous_17)
FN:238,(anonymous_18)
FN:247,(anonymous_19)
FN:250,(anonymous_20)
FN:261,(anonymous_21)
FN:266,(anonymous_22)
FN:277,(anonymous_23)
FN:282,(anonymous_24)
FN:293,(anonymous_25)
FN:298,(anonymous_26)
FN:308,(anonymous_27)
FN:320,(anonymous_28)
FN:335,(anonymous_29)
FN:358,(anonymous_30)
FN:372,(anonymous_31)
FN:375,(anonymous_32)
FN:387,(anonymous_33)
FNF:34
FNH:0
FNDA:0,(anonymous_0)
FNDA:0,(anonymous_1)
FNDA:0,(anonymous_2)
FNDA:0,(anonymous_3)
FNDA:0,(anonymous_4)
FNDA:0,(anonymous_5)
FNDA:0,(anonymous_6)
FNDA:0,(anonymous_7)
FNDA:0,(anonymous_8)
FNDA:0,(anonymous_9)
FNDA:0,(anonymous_10)
FNDA:0,(anonymous_11)
FNDA:0,(anonymous_12)
FNDA:0,(anonymous_13)
FNDA:0,(anonymous_14)
FNDA:0,(anonymous_15)
FNDA:0,(anonymous_16)
FNDA:0,(anonymous_17)
FNDA:0,(anonymous_18)
FNDA:0,(anonymous_19)
FNDA:0,(anonymous_20)
FNDA:0,(anonymous_21)
FNDA:0,(anonymous_22)
FNDA:0,(anonymous_23)
FNDA:0,(anonymous_24)
FNDA:0,(anonymous_25)
FNDA:0,(anonymous_26)
FNDA:0,(anonymous_27)
FNDA:0,(anonymous_28)
FNDA:0,(anonymous_29)
FNDA:0,(anonymous_30)
FNDA:0,(anonymous_31)
FNDA:0,(anonymous_32)
FNDA:0,(anonymous_33)
DA:26,0
DA:27,0
DA:36,0
DA:37,0
DA:38,0
DA:39,0
DA:43,0
DA:44,0
DA:45,0
DA:46,0
DA:47,0
DA:49,0
DA:50,0
DA:55,0
DA:57,0
DA:58,0
DA:59,0
DA:60,0
DA:62,0
DA:64,0
DA:65,0
DA:75,0
DA:77,0
DA:78,0
DA:86,0
DA:88,0
DA:90,0
DA:92,0
DA:93,0
DA:94,0
DA:95,0
DA:97,0
DA:107,0
DA:109,0
DA:110,0
DA:111,0
DA:112,0
DA:113,0
DA:114,0
DA:115,0
DA:121,0
DA:122,0
DA:123,0
DA:124,0
DA:125,0
DA:133,0
DA:139,0
DA:141,0
DA:142,0
DA:144,0
DA:145,0
DA:147,0
DA:148,0
DA:151,0
DA:152,0
DA:161,0
DA:162,0
DA:164,0
DA:166,0
DA:167,0
DA:169,0
DA:170,0
DA:171,0
DA:174,0
DA:175,0
DA:176,0
DA:177,0
DA:178,0
DA:179,0
DA:180,0
DA:184,0
DA:185,0
DA:186,0
DA:198,0
DA:215,0
DA:219,0
DA:230,0
DA:239,0
DA:248,0
DA:249,0
DA:250,0
DA:251,0
DA:262,0
DA:263,0
DA:264,0
DA:266,0
DA:267,0
DA:278,0
DA:279,0
DA:280,0
DA:282,0
DA:283,0
DA:294,0
DA:295,0
DA:296,0
DA:298,0
DA:299,0
DA:309,0
DA:321,0
DA:323,0
DA:324,0
DA:325,0
DA:336,0
DA:343,0
DA:344,0
DA:347,0
DA:359,0
DA:360,0
DA:361,0
DA:362,0
DA:363,0
DA:364,0
DA:373,0
DA:375,0
DA:376,0
DA:379,0
DA:398,0
LF:117
LH:0
BRDA:43,0,0,0
BRDA:43,0,1,0
BRDA:45,1,0,0
BRDA:45,1,1,0
BRDA:46,2,0,0
BRDA:49,3,0,0
BRDA:64,4,0,0
BRDA:64,5,0,0
BRDA:64,5,1,0
BRDA:75,6,0,0
BRDA:75,6,1,0
BRDA:75,7,0,0
BRDA:75,7,1,0
BRDA:75,8,0,0
BRDA:75,8,1,0
BRDA:93,9,0,0
BRDA:93,9,1,0
BRDA:109,10,0,0
BRDA:111,11,0,0
BRDA:141,12,0,0
BRDA:141,13,0,0
BRDA:141,13,1,0
BRDA:144,14,0,0
BRDA:144,14,1,0
BRDA:144,15,0,0
BRDA:144,15,1,0
BRDA:161,16,0,0
BRDA:169,17,0,0
BRDA:176,18,0,0
BRDA:262,19,0,0
BRDA:262,19,1,0
BRDA:278,20,0,0
BRDA:278,20,1,0
BRDA:294,21,0,0
BRDA:294,21,1,0
BRDA:343,22,0,0
BRDA:359,23,0,0
BRDA:359,23,1,0
BRF:38
BRH:0
end_of_record
TN:
SF:src\bot\controllers\MessageController.ts
FN:17,(anonymous_0)
FN:26,(anonymous_1)
FN:53,(anonymous_2)
FN:77,(anonymous_3)
FN:85,(anonymous_4)
FNF:5
FNH:0
FNDA:0,(anonymous_0)
FNDA:0,(anonymous_1)
FNDA:0,(anonymous_2)
FNDA:0,(anonymous_3)
FNDA:0,(anonymous_4)
DA:18,0
DA:19,0
DA:20,0
DA:21,0
DA:22,0
DA:23,0
DA:27,0
DA:29,0
DA:30,0
DA:33,0
DA:34,0
DA:35,0
DA:36,0
DA:37,0
DA:38,0
DA:41,0
DA:42,0
DA:43,0
DA:44,0
DA:47,0
DA:48,0
DA:50,0
DA:54,0
DA:55,0
DA:60,0
DA:61,0
DA:68,0
DA:70,0
DA:71,0
DA:74,0
DA:78,0
DA:79,0
DA:82,0
DA:86,0
DA:87,0
DA:88,0
DA:89,0
LF:37
LH:0
BRDA:29,0,0,0
BRDA:29,1,0,0
BRDA:29,1,1,0
BRDA:34,2,0,0
BRDA:37,3,0,0
BRDA:37,3,1,0
BRDA:42,4,0,0
BRDA:54,5,0,0
BRDA:60,6,0,0
BRDA:70,7,0,0
BRDA:78,8,0,0
BRDA:86,9,0,0
BRDA:86,9,1,0
BRDA:87,10,0,0
BRDA:87,10,1,0
BRDA:87,11,0,0
BRDA:87,11,1,0
BRDA:88,12,0,0
BRDA:88,12,1,0
BRDA:88,13,0,0
BRDA:88,13,1,0
BRF:21
BRH:0
end_of_record
TN:
SF:src\bot\controllers\StartController.ts
FN:9,(anonymous_0)
FN:15,(anonymous_1)
FNF:2
FNH:0
FNDA:0,(anonymous_0)
FNDA:0,(anonymous_1)
DA:10,0
DA:11,0
DA:12,0
DA:16,0
DA:17,0
DA:20,0
LF:6
LH:0
BRDA:16,0,0,0
BRF:1
BRH:0
end_of_record
TN:
SF:src\core\Application.ts
FN:13,(anonymous_0)
FN:22,(anonymous_1)
FN:43,(anonymous_2)
FN:55,(anonymous_3)
FN:67,(anonymous_4)
FN:71,(anonymous_5)
FN:77,(anonymous_6)
FN:83,(anonymous_7)
FN:94,(anonymous_8)
FN:98,(anonymous_9)
FN:109,(anonymous_10)
FN:113,(anonymous_11)
FN:129,(anonymous_12)
FN:146,(anonymous_13)
FN:163,(anonymous_14)
FN:167,(anonymous_15)
FN:194,(anonymous_16)
FN:213,(anonymous_17)
FNF:18
FNH:0
FNDA:0,(anonymous_0)
FNDA:0,(anonymous_1)
FNDA:0,(anonymous_2)
FNDA:0,(anonymous_3)
FNDA:0,(anonymous_4)
FNDA:0,(anonymous_5)
FNDA:0,(anonymous_6)
FNDA:0,(anonymous_7)
FNDA:0,(anonymous_8)
FNDA:0,(anonymous_9)
FNDA:0,(anonymous_10)
FNDA:0,(anonymous_11)
FNDA:0,(anonymous_12)
FNDA:0,(anonymous_13)
FNDA:0,(anonymous_14)
FNDA:0,(anonymous_15)
FNDA:0,(anonymous_16)
FNDA:0,(anonymous_17)
DA:14,0
DA:15,0
DA:16,0
DA:23,0
DA:26,0
DA:29,0
DA:32,0
DA:35,0
DA:37,0
DA:44,0
DA:47,0
DA:49,0
DA:56,0
DA:59,0
DA:61,0
DA:68,0
DA:71,0
DA:72,0
DA:73,0
DA:77,0
DA:78,0
DA:79,0
DA:83,0
DA:84,0
DA:85,0
DA:88,0
DA:95,0
DA:98,0
DA:99,0
DA:100,0
DA:103,0
DA:110,0
DA:113,0
DA:114,0
DA:115,0
DA:118,0
DA:123,0
DA:129,0
DA:130,0
DA:133,0
DA:139,0
DA:140,0
DA:142,0
DA:146,0
DA:147,0
DA:148,0
DA:149,0
DA:151,0
DA:157,0
DA:164,0
DA:167,0
DA:168,0
DA:169,0
DA:170,0
DA:171,0
DA:172,0
DA:175,0
DA:185,0
DA:194,0
DA:195,0
DA:196,0
DA:197,0
DA:198,0
DA:200,0
DA:207,0
DA:214,0
LF:66
LH:0
BRF:0
BRH:0
end_of_record
TN:
SF:src\core\Container.ts
FN:23,(anonymous_0)
FN:30,(anonymous_1)
FN:44,(anonymous_2)
FN:71,(anonymous_3)
FN:93,(anonymous_4)
FN:100,(anonymous_5)
FN:130,(anonymous_6)
FN:153,(anonymous_7)
FN:179,(anonymous_8)
FN:205,(anonymous_9)
FN:215,(anonymous_10)
FNF:11
FNH:0
FNDA:0,(anonymous_0)
FNDA:0,(anonymous_1)
FNDA:0,(anonymous_2)
FNDA:0,(anonymous_3)
FNDA:0,(anonymous_4)
FNDA:0,(anonymous_5)
FNDA:0,(anonymous_6)
FNDA:0,(anonymous_7)
FNDA:0,(anonymous_8)
FNDA:0,(anonymous_9)
FNDA:0,(anonymous_10)
DA:17,0
DA:18,0
DA:19,0
DA:20,0
DA:24,0
DA:31,0
DA:32,0
DA:33,0
DA:36,0
DA:37,0
DA:46,0
DA:47,0
DA:51,0
DA:52,0
DA:53,0
DA:56,0
DA:57,0
DA:60,0
DA:61,0
DA:62,0
DA:65,0
DA:73,0
DA:74,0
DA:78,0
DA:79,0
DA:80,0
DA:82,0
DA:83,0
DA:84,0
DA:87,0
DA:94,0
DA:101,0
DA:104,0
DA:105,0
DA:106,0
DA:110,0
DA:111,0
DA:112,0
DA:113,0
DA:114,0
DA:115,0
DA:118,0
DA:119,0
DA:124,0
DA:131,0
DA:133,0
DA:134,0
DA:135,0
DA:136,0
DA:137,0
DA:138,0
DA:141,0
DA:142,0
DA:147,0
DA:154,0
DA:157,0
DA:159,0
DA:160,0
DA:161,0
DA:162,0
DA:163,0
DA:164,0
DA:165,0
DA:168,0
DA:173,0
DA:180,0
DA:182,0
DA:183,0
DA:184,0
DA:185,0
DA:186,0
DA:189,0
DA:194,0
DA:195,0
DA:196,0
DA:197,0
DA:199,0
DA:206,0
DA:216,0
LF:79
LH:0
BRDA:31,0,0,0
BRDA:31,0,1,0
BRDA:46,1,0,0
BRDA:51,2,0,0
BRDA:56,3,0,0
BRDA:73,4,0,0
BRDA:78,5,0,0
BRDA:94,6,0,0
BRDA:94,6,1,0
BRDA:111,7,0,0
BRDA:111,8,0,0
BRDA:111,8,1,0
BRDA:111,8,2,0
BRDA:134,9,0,0
BRDA:134,10,0,0
BRDA:134,10,1,0
BRDA:134,10,2,0
BRDA:161,11,0,0
BRDA:161,12,0,0
BRDA:161,12,1,0
BRDA:161,12,2,0
BRDA:183,13,0,0
BRDA:183,14,0,0
BRDA:183,14,1,0
BRDA:216,15,0,0
BRDA:216,15,1,0
BRF:26
BRH:0
end_of_record
TN:
SF:src\db\index.ts
FNF:0
FNH:0
DA:5,0
DA:9,0
LF:2
LH:0
BRF:0
BRH:0
end_of_record
TN:
SF:src\db\schema.ts
FN:31,(anonymous_0)
FN:58,(anonymous_1)
FN:73,(anonymous_2)
FN:91,(anonymous_3)
FN:107,(anonymous_4)
FN:125,(anonymous_5)
FN:139,(anonymous_6)
FNF:7
FNH:0
FNDA:0,(anonymous_0)
FNDA:0,(anonymous_1)
FNDA:0,(anonymous_2)
FNDA:0,(anonymous_3)
FNDA:0,(anonymous_4)
FNDA:0,(anonymous_5)
FNDA:0,(anonymous_6)
DA:19,0
DA:31,0
DA:40,0
DA:58,0
DA:67,0
DA:73,0
DA:83,0
DA:91,0
DA:99,0
DA:107,0
DA:116,0
DA:125,0
DA:132,0
DA:139,0
LF:14
LH:0
BRF:0
BRH:0
end_of_record
TN:
SF:src\helpers\Logger.ts
FN:23,(anonymous_0)
FN:42,(anonymous_1)
FN:52,(anonymous_2)
FN:62,(anonymous_3)
FN:72,(anonymous_4)
FN:80,(anonymous_5)
FN:87,(anonymous_6)
FN:91,(anonymous_7)
FN:97,(anonymous_8)
FN:100,(anonymous_9)
FN:107,(anonymous_10)
FN:112,(anonymous_11)
FNF:12
FNH:0
FNDA:0,(anonymous_0)
FNDA:0,(anonymous_1)
FNDA:0,(anonymous_2)
FNDA:0,(anonymous_3)
FNDA:0,(anonymous_4)
FNDA:0,(anonymous_5)
FNDA:0,(anonymous_6)
FNDA:0,(anonymous_7)
FNDA:0,(anonymous_8)
FNDA:0,(anonymous_9)
FNDA:0,(anonymous_10)
FNDA:0,(anonymous_11)
DA:12,0
DA:13,0
DA:14,0
DA:24,0
DA:26,0
DA:27,0
DA:28,0
DA:29,0
DA:31,0
DA:32,0
DA:33,0
DA:34,0
DA:35,0
DA:43,0
DA:44,0
DA:45,0
DA:53,0
DA:54,0
DA:55,0
DA:63,0
DA:64,0
DA:65,0
DA:73,0
DA:74,0
DA:81,0
DA:82,0
DA:83,0
DA:88,0
DA:92,0
DA:93,0
DA:96,0
DA:97,0
DA:98,0
DA:99,0
DA:100,0
DA:103,0
DA:108,0
DA:109,0
DA:113,0
DA:114,0
LF:40
LH:0
BRDA:26,0,0,0
BRDA:26,0,1,0
BRDA:27,1,0,0
BRDA:27,1,1,0
BRDA:28,2,0,0
BRDA:28,2,1,0
BRDA:31,3,0,0
BRDA:32,4,0,0
BRDA:32,4,1,0
BRDA:33,5,0,0
BRDA:33,5,1,0
BRDA:34,6,0,0
BRDA:34,6,1,0
BRDA:35,7,0,0
BRDA:35,7,1,0
BRDA:43,8,0,0
BRDA:53,9,0,0
BRDA:63,10,0,0
BRDA:81,11,0,0
BRDA:92,12,0,0
BRDA:97,13,0,0
BRDA:97,13,1,0
BRDA:108,14,0,0
BRDA:108,14,1,0
BRF:24
BRH:0
end_of_record
TN:
SF:src\helpers\MessageQueue.ts
FN:10,(anonymous_0)
FN:14,(anonymous_1)
FN:18,(anonymous_2)
FN:22,(anonymous_3)
FNF:4
FNH:0
FNDA:0,(anonymous_0)
FNDA:0,(anonymous_1)
FNDA:0,(anonymous_2)
FNDA:0,(anonymous_3)
DA:11,0
DA:15,0
DA:19,0
DA:23,0
DA:24,0
DA:25,0
DA:28,0
LF:7
LH:0
BRDA:23,0,0,0
BRF:1
BRH:0
end_of_record
TN:
SF:src\helpers\Users.ts
FN:12,(anonymous_0)
FN:16,(anonymous_1)
FN:30,(anonymous_2)
FN:34,(anonymous_3)
FN:40,(anonymous_4)
FN:44,(anonymous_5)
FN:50,(anonymous_6)
FN:55,(anonymous_7)
FN:56,(anonymous_8)
FNF:9
FNH:0
FNDA:0,(anonymous_0)
FNDA:0,(anonymous_1)
FNDA:0,(anonymous_2)
FNDA:0,(anonymous_3)
FNDA:0,(anonymous_4)
FNDA:0,(anonymous_5)
FNDA:0,(anonymous_6)
FNDA:0,(anonymous_7)
FNDA:0,(anonymous_8)
DA:13,0
DA:17,0
DA:19,0
DA:27,0
DA:31,0
DA:35,0
DA:36,0
DA:41,0
DA:45,0
DA:46,0
DA:51,0
DA:52,0
DA:55,0
DA:56,0
LF:14
LH:0
BRDA:35,0,0,0
BRDA:45,1,0,0
BRF:2
BRH:0
end_of_record
TN:
SF:src\helpers\escapeForMarkdown.ts
FN:1,escapeForMarkdown
FN:16,(anonymous_1)
FN:29,(anonymous_2)
FNF:3
FNH:0
FNDA:0,escapeForMarkdown
FNDA:0,(anonymous_1)
FNDA:0,(anonymous_2)
DA:2,0
DA:3,0
DA:6,0
DA:7,0
DA:9,0
DA:15,0
DA:16,0
DA:17,0
DA:18,0
DA:19,0
DA:21,0
DA:26,0
DA:29,0
DA:30,0
DA:31,0
DA:35,0
LF:16
LH:0
BRDA:2,0,0,0
BRDA:17,1,0,0
BRDA:18,2,0,0
BRDA:18,2,1,0
BRDA:30,3,0,0
BRF:5
BRH:0
end_of_record
TN:
SF:src\helpers\getCaptcha.ts
FN:1,getCaptcha
FN:4,(anonymous_1)
FNF:2
FNH:0
FNDA:0,getCaptcha
FNDA:0,(anonymous_1)
DA:2,0
DA:4,0
DA:5,0
DA:8,0
DA:9,0
DA:10,0
DA:12,0
DA:14,0
DA:16,0
DA:17,0
DA:18,0
DA:19,0
DA:23,0
DA:25,0
LF:14
LH:0
BRDA:18,0,0,0
BRDA:18,1,0,0
BRDA:18,1,1,0
BRF:3
BRH:0
end_of_record
TN:
SF:src\repository\ChatAiRepository.ts
FN:6,(anonymous_0)
FN:11,(anonymous_1)
FN:29,(anonymous_2)
FN:54,(anonymous_3)
FN:67,(anonymous_4)
FN:87,(anonymous_5)
FN:94,(anonymous_6)
FN:101,(anonymous_7)
FN:108,(anonymous_8)
FN:115,(anonymous_9)
FN:130,(anonymous_10)
FN:154,(anonymous_11)
FN:172,(anonymous_12)
FN:192,(anonymous_13)
FN:207,(anonymous_14)
FN:239,(anonymous_15)
FN:272,(anonymous_16)
FNF:17
FNH:0
FNDA:0,(anonymous_0)
FNDA:0,(anonymous_1)
FNDA:0,(anonymous_2)
FNDA:0,(anonymous_3)
FNDA:0,(anonymous_4)
FNDA:0,(anonymous_5)
FNDA:0,(anonymous_6)
FNDA:0,(anonymous_7)
FNDA:0,(anonymous_8)
FNDA:0,(anonymous_9)
FNDA:0,(anonymous_10)
FNDA:0,(anonymous_11)
FNDA:0,(anonymous_12)
FNDA:0,(anonymous_13)
FNDA:0,(anonymous_14)
FNDA:0,(anonymous_15)
FNDA:0,(anonymous_16)
DA:6,0
DA:12,0
DA:13,0
DA:19,0
DA:21,0
DA:22,0
DA:30,0
DA:31,0
DA:44,0
DA:46,0
DA:47,0
DA:55,0
DA:57,0
DA:58,0
DA:61,0
DA:68,0
DA:69,0
DA:77,0
DA:79,0
DA:80,0
DA:88,0
DA:95,0
DA:102,0
DA:109,0
DA:116,0
DA:117,0
DA:122,0
DA:123,0
DA:131,0
DA:132,0
DA:144,0
DA:146,0
DA:147,0
DA:155,0
DA:156,0
DA:162,0
DA:164,0
DA:165,0
DA:173,0
DA:174,0
DA:182,0
DA:184,0
DA:185,0
DA:193,0
DA:194,0
DA:199,0
DA:200,0
DA:213,0
DA:214,0
DA:220,0
DA:221,0
DA:229,0
DA:231,0
DA:232,0
DA:240,0
DA:241,0
DA:262,0
DA:264,0
DA:265,0
DA:273,0
DA:274,0
DA:278,0
DA:281,0
DA:282,0
DA:283,0
DA:286,0
LF:66
LH:0
BRDA:19,0,0,0
BRDA:19,0,1,0
BRDA:29,1,0,0
BRDA:44,2,0,0
BRDA:44,2,1,0
BRDA:54,3,0,0
BRDA:57,4,0,0
BRDA:77,5,0,0
BRDA:77,5,1,0
BRDA:130,6,0,0
BRDA:162,7,0,0
BRDA:162,7,1,0
BRDA:220,8,0,0
BRDA:222,9,0,0
BRDA:222,9,1,0
BRDA:223,10,0,0
BRDA:223,10,1,0
BRDA:224,11,0,0
BRDA:224,11,1,0
BRDA:225,12,0,0
BRDA:225,12,1,0
BRDA:273,13,0,0
BRDA:282,14,0,0
BRDA:282,15,0,0
BRDA:282,15,1,0
BRF:25
BRH:0
end_of_record
TN:
SF:src\repository\ChatRepository.ts
FN:11,(anonymous_0)
FN:18,(anonymous_1)
FN:26,(anonymous_2)
FNF:3
FNH:0
FNDA:0,(anonymous_0)
FNDA:0,(anonymous_1)
FNDA:0,(anonymous_2)
DA:9,0
DA:12,0
DA:19,0
DA:20,0
DA:23,0
DA:27,0
LF:6
LH:0
BRDA:19,0,0,0
BRF:1
BRH:0
end_of_record
TN:
SF:src\repository\Repository.ts
FN:9,(anonymous_0)
FN:17,(anonymous_1)
FN:21,(anonymous_2)
FN:25,(anonymous_3)
FNF:4
FNH:0
FNDA:0,(anonymous_0)
FNDA:0,(anonymous_1)
FNDA:0,(anonymous_2)
FNDA:0,(anonymous_3)
DA:10,0
DA:11,0
DA:12,0
DA:14,0
DA:18,0
DA:22,0
DA:26,0
LF:7
LH:0
BRF:0
BRH:0
end_of_record
TN:
SF:src\repository\UserConfigRepository.ts
FN:14,(anonymous_0)
FN:21,(anonymous_1)
FN:31,(anonymous_2)
FN:40,(anonymous_3)
FN:48,(anonymous_4)
FN:52,(anonymous_5)
FNF:6
FNH:0
FNDA:0,(anonymous_0)
FNDA:0,(anonymous_1)
FNDA:0,(anonymous_2)
FNDA:0,(anonymous_3)
FNDA:0,(anonymous_4)
FNDA:0,(anonymous_5)
DA:12,0
DA:15,0
DA:16,0
DA:18,0
DA:22,0
DA:23,0
DA:32,0
DA:34,0
DA:35,0
DA:36,0
DA:41,0
DA:42,0
DA:43,0
DA:44,0
DA:49,0
DA:53,0
LF:16
LH:0
BRDA:15,0,0,0
BRDA:22,1,0,0
BRDA:35,2,0,0
BRDA:43,3,0,0
BRF:4
BRH:0
end_of_record
TN:
SF:src\repository\UserRepository.ts
FN:12,(anonymous_0)
FN:16,(anonymous_1)
FN:30,(anonymous_2)
FN:34,(anonymous_3)
FN:40,(anonymous_4)
FN:44,(anonymous_5)
FN:50,(anonymous_6)
FN:55,(anonymous_7)
FN:56,(anonymous_8)
FNF:9
FNH:0
FNDA:0,(anonymous_0)
FNDA:0,(anonymous_1)
FNDA:0,(anonymous_2)
FNDA:0,(anonymous_3)
FNDA:0,(anonymous_4)
FNDA:0,(anonymous_5)
FNDA:0,(anonymous_6)
FNDA:0,(anonymous_7)
FNDA:0,(anonymous_8)
DA:13,0
DA:17,0
DA:19,0
DA:27,0
DA:31,0
DA:35,0
DA:36,0
DA:41,0
DA:45,0
DA:46,0
DA:51,0
DA:52,0
DA:55,0
DA:56,0
LF:14
LH:0
BRDA:35,0,0,0
BRDA:45,1,0,0
BRF:2
BRH:0
end_of_record
TN:
SF:src\services\AI\index.ts
FN:13,(anonymous_0)
FN:21,(anonymous_1)
FN:29,(anonymous_2)
FN:45,(anonymous_3)
FN:54,(anonymous_4)
FN:63,(anonymous_5)
FN:70,(anonymous_6)
FN:80,(anonymous_7)
FN:92,(anonymous_8)
FN:102,(anonymous_9)
FN:114,(anonymous_10)
FNF:11
FNH:0
FNDA:0,(anonymous_0)
FNDA:0,(anonymous_1)
FNDA:0,(anonymous_2)
FNDA:0,(anonymous_3)
FNDA:0,(anonymous_4)
FNDA:0,(anonymous_5)
FNDA:0,(anonymous_6)
FNDA:0,(anonymous_7)
FNDA:0,(anonymous_8)
FNDA:0,(anonymous_9)
FNDA:0,(anonymous_10)
DA:11,0
DA:14,0
DA:15,0
DA:22,0
DA:23,0
DA:30,0
DA:32,0
DA:34,0
DA:35,0
DA:37,0
DA:38,0
DA:46,0
DA:47,0
DA:48,0
DA:55,0
DA:56,0
DA:57,0
DA:64,0
DA:71,0
DA:72,0
DA:75,0
DA:77,0
DA:80,0
DA:82,0
DA:84,0
DA:85,0
DA:93,0
DA:94,0
DA:97,0
DA:99,0
DA:102,0
DA:104,0
DA:106,0
DA:107,0
DA:115,0
LF:35
LH:0
BRDA:71,0,0,0
BRDA:93,1,0,0
BRDA:117,2,0,0
BRDA:117,2,1,0
BRF:4
BRH:0
end_of_record
TN:
SF:src\services\AI\AIService\AI.ts
FN:48,(anonymous_0)
FN:52,(anonymous_1)
FN:63,(anonymous_2)
FN:67,(anonymous_3)
FN:73,(anonymous_4)
FN:77,(anonymous_5)
FN:93,(anonymous_6)
FN:109,(anonymous_7)
FN:113,(anonymous_8)
FN:115,(anonymous_9)
FN:115,(anonymous_10)
FN:123,(anonymous_11)
FN:154,(anonymous_12)
FN:160,(anonymous_13)
FNF:14
FNH:0
FNDA:0,(anonymous_0)
FNDA:0,(anonymous_1)
FNDA:0,(anonymous_2)
FNDA:0,(anonymous_3)
FNDA:0,(anonymous_4)
FNDA:0,(anonymous_5)
FNDA:0,(anonymous_6)
FNDA:0,(anonymous_7)
FNDA:0,(anonymous_8)
FNDA:0,(anonymous_9)
FNDA:0,(anonymous_10)
FNDA:0,(anonymous_11)
FNDA:0,(anonymous_12)
FNDA:0,(anonymous_13)
DA:9,0
DA:10,0
DA:11,0
DA:28,0
DA:29,0
DA:31,0
DA:33,0
DA:46,0
DA:49,0
DA:53,0
DA:54,0
DA:55,0
DA:57,0
DA:64,0
DA:68,0
DA:69,0
DA:80,0
DA:81,0
DA:83,0
DA:86,0
DA:87,0
DA:90,0
DA:94,0
DA:95,0
DA:96,0
DA:99,0
DA:101,0
DA:105,0
DA:106,0
DA:110,0
DA:114,0
DA:115,0
DA:117,0
DA:124,0
DA:125,0
DA:129,0
DA:130,0
DA:132,0
DA:135,0
DA:137,0
DA:138,0
DA:141,0
DA:143,0
DA:144,0
DA:147,0
DA:149,0
DA:150,0
DA:155,0
DA:156,0
DA:161,0
LF:50
LH:0
BRDA:54,0,0,0
BRDA:54,0,1,0
BRDA:55,1,0,0
BRDA:55,1,1,0
BRDA:68,2,0,0
BRDA:80,3,0,0
BRDA:80,3,1,0
BRDA:86,4,0,0
BRDA:94,5,0,0
BRDA:102,6,0,0
BRDA:102,6,1,0
BRDA:118,7,0,0
BRDA:118,7,1,0
BRDA:119,8,0,0
BRDA:119,8,1,0
BRDA:137,9,0,0
BRDA:137,10,0,0
BRDA:137,10,1,0
BRDA:143,11,0,0
BRDA:155,12,0,0
BRF:20
BRH:0
end_of_record
TN:
SF:src\services\AI\AIService\AiService.ts
FN:8,(anonymous_0)
FN:14,(anonymous_1)
FNF:2
FNH:0
FNDA:0,(anonymous_0)
FNDA:0,(anonymous_1)
DA:9,0
DA:10,0
DA:11,0
DA:15,0
LF:4
LH:0
BRF:0
BRH:0
end_of_record
TN:
SF:src\services\AI\AIService\MyChatSession.ts
FN:5,(anonymous_0)
FN:9,(anonymous_1)
FN:26,(anonymous_2)
FN:32,(anonymous_3)
FN:33,(anonymous_4)
FN:33,(anonymous_5)
FN:33,(anonymous_6)
FN:33,(anonymous_7)
FNF:8
FNH:0
FNDA:0,(anonymous_0)
FNDA:0,(anonymous_1)
FNDA:0,(anonymous_2)
FNDA:0,(anonymous_3)
FNDA:0,(anonymous_4)
FNDA:0,(anonymous_5)
FNDA:0,(anonymous_6)
FNDA:0,(anonymous_7)
DA:6,0
DA:10,0
DA:12,0
DA:13,0
DA:14,0
DA:15,0
DA:17,0
DA:18,0
DA:19,0
DA:21,0
DA:29,0
DA:33,0
DA:34,0
LF:13
LH:0
BRDA:12,0,0,0
BRDA:12,1,0,0
BRDA:12,1,1,0
BRDA:18,2,0,0
BRDA:18,2,1,0
BRF:5
BRH:0
end_of_record
TN:
SF:src\services\AI\AIService\MyGenerativeModel.ts
FN:6,(anonymous_0)
FN:14,(anonymous_1)
FNF:2
FNH:0
FNDA:0,(anonymous_0)
FNDA:0,(anonymous_1)
DA:7,0
DA:15,0
LF:2
LH:0
BRF:0
BRH:0
end_of_record
TN:
SF:src\services\AI\AIService\MyGoogleGenerativeAI.ts
FN:6,(anonymous_0)
FN:10,(anonymous_1)
FNF:2
FNH:0
FNDA:0,(anonymous_0)
FNDA:0,(anonymous_1)
DA:7,0
DA:14,0
DA:15,0
DA:20,0
LF:4
LH:0
BRDA:14,0,0,0
BRF:1
BRH:0
end_of_record
TN:
SF:src\services\AI\AIService\historyFile.ts
FN:6,saveHistory
FN:18,loadHistory
FN:34,getFilePath
FNF:3
FNH:0
FNDA:0,saveHistory
FNDA:0,loadHistory
FNDA:0,getFilePath
DA:7,0
DA:8,0
DA:9,0
DA:11,0
DA:13,0
DA:14,0
DA:19,0
DA:20,0
DA:21,0
DA:23,0
DA:24,0
DA:27,0
DA:29,0
DA:30,0
DA:35,0
DA:37,0
DA:38,0
DA:41,0
LF:18
LH:0
BRDA:23,0,0,0
BRDA:37,1,0,0
BRF:2
BRH:0
end_of_record
TN:
SF:src\services\AI\AIService\index.ts
FN:13,(anonymous_0)
FN:21,(anonymous_1)
FN:29,(anonymous_2)
FN:45,(anonymous_3)
FN:54,(anonymous_4)
FN:63,(anonymous_5)
FN:70,(anonymous_6)
FN:80,(anonymous_7)
FN:92,(anonymous_8)
FN:102,(anonymous_9)
FN:114,(anonymous_10)
FNF:11
FNH:0
FNDA:0,(anonymous_0)
FNDA:0,(anonymous_1)
FNDA:0,(anonymous_2)
FNDA:0,(anonymous_3)
FNDA:0,(anonymous_4)
FNDA:0,(anonymous_5)
FNDA:0,(anonymous_6)
FNDA:0,(anonymous_7)
FNDA:0,(anonymous_8)
FNDA:0,(anonymous_9)
FNDA:0,(anonymous_10)
DA:11,0
DA:14,0
DA:15,0
DA:22,0
DA:23,0
DA:30,0
DA:32,0
DA:34,0
DA:35,0
DA:37,0
DA:38,0
DA:46,0
DA:47,0
DA:48,0
DA:55,0
DA:56,0
DA:57,0
DA:64,0
DA:71,0
DA:72,0
DA:75,0
DA:77,0
DA:80,0
DA:82,0
DA:84,0
DA:85,0
DA:93,0
DA:94,0
DA:97,0
DA:99,0
DA:102,0
DA:104,0
DA:106,0
DA:107,0
DA:115,0
LF:35
LH:0
BRDA:71,0,0,0
BRDA:93,1,0,0
BRDA:117,2,0,0
BRDA:117,2,1,0
BRF:4
BRH:0
end_of_record
TN:
SF:src\services\AI\AIService\systemInstruction.ts
FNF:0
FNH:0
DA:1,0
LF:1
LH:0
BRF:0
BRH:0
end_of_record
TN:
SF:src\services\AI\providers\GeminiAdapter.ts
FN:44,(anonymous_0)
FN:51,(anonymous_1)
FN:143,(anonymous_2)
FN:156,(anonymous_3)
FN:163,(anonymous_4)
FN:179,(anonymous_5)
FN:186,(anonymous_6)
FNF:7
FNH:0
FNDA:0,(anonymous_0)
FNDA:0,(anonymous_1)
FNDA:0,(anonymous_2)
FNDA:0,(anonymous_3)
FNDA:0,(anonymous_4)
FNDA:0,(anonymous_5)
FNDA:0,(anonymous_6)
DA:34,0
DA:35,0
DA:36,0
DA:58,0
DA:60,0
DA:63,0
DA:64,0
DA:71,0
DA:72,0
DA:76,0
DA:82,0
DA:87,0
DA:93,0
DA:94,0
DA:98,0
DA:101,0
DA:109,0
DA:110,0
DA:111,0
DA:114,0
DA:117,0
DA:118,0
DA:122,0
DA:123,0
DA:124,0
DA:125,0
DA:126,0
DA:127,0
DA:132,0
DA:135,0
DA:136,0
DA:144,0
DA:145,0
DA:146,0
DA:148,0
DA:149,0
DA:157,0
DA:170,0
DA:180,0
DA:187,0
LF:40
LH:0
BRDA:63,0,0,0
BRDA:71,1,0,0
BRDA:71,2,0,0
BRDA:71,2,1,0
BRDA:93,3,0,0
BRDA:109,4,0,0
BRDA:117,5,0,0
BRDA:122,6,0,0
BRDA:122,7,0,0
BRDA:122,7,1,0
BRDA:124,8,0,0
BRDA:124,9,0,0
BRDA:124,9,1,0
BRDA:124,9,2,0
BRDA:124,9,3,0
BRDA:126,10,0,0
BRDA:126,11,0,0
BRDA:126,11,1,0
BRF:18
BRH:0
end_of_record
TN:
SF:src\services\AIChatService\index.ts
FN:53,(anonymous_0)
FN:66,(anonymous_1)
FN:78,(anonymous_2)
FN:93,(anonymous_3)
FN:106,(anonymous_4)
FN:117,(anonymous_5)
FN:124,(anonymous_6)
FN:155,(anonymous_7)
FN:174,(anonymous_8)
FN:246,(anonymous_9)
FN:264,(anonymous_10)
FN:302,(anonymous_11)
FN:325,(anonymous_12)
FN:330,(anonymous_13)
FN:353,(anonymous_14)
FN:370,(anonymous_15)
FN:402,(anonymous_16)
FN:425,(anonymous_17)
FN:461,(anonymous_18)
FN:474,(anonymous_19)
FN:479,(anonymous_20)
FN:490,(anonymous_21)
FN:516,(anonymous_22)
FN:517,(anonymous_23)
FN:536,(anonymous_24)
FN:556,(anonymous_25)
FN:566,(anonymous_26)
FN:585,(anonymous_27)
FN:593,(anonymous_28)
FN:620,(anonymous_29)
FN:641,(anonymous_30)
FN:649,(anonymous_31)
FN:657,(anonymous_32)
FN:665,(anonymous_33)
FN:681,(anonymous_34)
FN:689,(anonymous_35)
FN:723,(anonymous_36)
FNF:37
FNH:0
FNDA:0,(anonymous_0)
FNDA:0,(anonymous_1)
FNDA:0,(anonymous_2)
FNDA:0,(anonymous_3)
FNDA:0,(anonymous_4)
FNDA:0,(anonymous_5)
FNDA:0,(anonymous_6)
FNDA:0,(anonymous_7)
FNDA:0,(anonymous_8)
FNDA:0,(anonymous_9)
FNDA:0,(anonymous_10)
FNDA:0,(anonymous_11)
FNDA:0,(anonymous_12)
FNDA:0,(anonymous_13)
FNDA:0,(anonymous_14)
FNDA:0,(anonymous_15)
FNDA:0,(anonymous_16)
FNDA:0,(anonymous_17)
FNDA:0,(anonymous_18)
FNDA:0,(anonymous_19)
FNDA:0,(anonymous_20)
FNDA:0,(anonymous_21)
FNDA:0,(anonymous_22)
FNDA:0,(anonymous_23)
FNDA:0,(anonymous_24)
FNDA:0,(anonymous_25)
FNDA:0,(anonymous_26)
FNDA:0,(anonymous_27)
FNDA:0,(anonymous_28)
FNDA:0,(anonymous_29)
FNDA:0,(anonymous_30)
FNDA:0,(anonymous_31)
FNDA:0,(anonymous_32)
FNDA:0,(anonymous_33)
FNDA:0,(anonymous_34)
FNDA:0,(anonymous_35)
FNDA:0,(anonymous_36)
DA:44,0
DA:45,0
DA:46,0
DA:47,0
DA:48,0
DA:49,0
DA:51,0
DA:54,0
DA:55,0
DA:56,0
DA:58,0
DA:59,0
DA:67,0
DA:70,0
DA:72,0
DA:79,0
DA:82,0
DA:85,0
DA:87,0
DA:94,0
DA:95,0
DA:98,0
DA:100,0
DA:107,0
DA:108,0
DA:109,0
DA:110,0
DA:111,0
DA:118,0
DA:125,0
DA:126,0
DA:129,0
DA:132,0
DA:133,0
DA:137,0
DA:143,0
DA:144,0
DA:145,0
DA:149,0
DA:156,0
DA:159,0
DA:160,0
DA:164,0
DA:165,0
DA:166,0
DA:168,0
DA:187,0
DA:189,0
DA:190,0
DA:191,0
DA:199,0
DA:200,0
DA:208,0
DA:209,0
DA:216,0
DA:224,0
DA:226,0
DA:228,0
DA:234,0
DA:235,0
DA:251,0
DA:252,0
DA:254,0
DA:258,0
DA:269,0
DA:270,0
DA:271,0
DA:274,0
DA:275,0
DA:277,0
DA:278,0
DA:279,0
DA:282,0
DA:283,0
DA:285,0
DA:286,0
DA:293,0
DA:303,0
DA:305,0
DA:306,0
DA:307,0
DA:315,0
DA:318,0
DA:319,0
DA:326,0
DA:328,0
DA:330,0
DA:331,0
DA:333,0
DA:334,0
DA:336,0
DA:337,0
DA:340,0
DA:344,0
DA:347,0
DA:354,0
DA:355,0
DA:356,0
DA:357,0
DA:360,0
DA:361,0
DA:364,0
DA:370,0
DA:376,0
DA:379,0
DA:382,0
DA:384,0
DA:385,0
DA:388,0
DA:391,0
DA:392,0
DA:393,0
DA:394,0
DA:403,0
DA:405,0
DA:407,0
DA:410,0
DA:411,0
DA:412,0
DA:415,0
DA:418,0
DA:425,0
DA:431,0
DA:434,0
DA:441,0
DA:443,0
DA:450,0
DA:453,0
DA:455,0
DA:457,0
DA:461,0
DA:464,0
DA:465,0
DA:467,0
DA:475,0
DA:478,0
DA:479,0
DA:482,0
DA:483,0
DA:487,0
DA:490,0
DA:491,0
DA:493,0
DA:494,0
DA:495,0
DA:496,0
DA:497,0
DA:499,0
DA:500,0
DA:509,0
DA:510,0
DA:517,0
DA:518,0
DA:519,0
DA:521,0
DA:522,0
DA:523,0
DA:524,0
DA:530,0
DA:537,0
DA:538,0
DA:539,0
DA:542,0
DA:543,0
DA:544,0
DA:545,0
DA:547,0
DA:549,0
DA:557,0
DA:558,0
DA:559,0
DA:562,0
DA:564,0
DA:565,0
DA:566,0
DA:569,0
DA:576,0
DA:578,0
DA:586,0
DA:587,0
DA:599,0
DA:600,0
DA:602,0
DA:622,0
DA:623,0
DA:627,0
DA:628,0
DA:629,0
DA:630,0
DA:631,0
DA:635,0
DA:642,0
DA:643,0
DA:650,0
DA:651,0
DA:658,0
DA:659,0
DA:670,0
DA:671,0
DA:682,0
DA:683,0
DA:701,0
DA:704,0
DA:705,0
DA:706,0
DA:707,0
DA:710,0
DA:711,0
DA:713,0
DA:714,0
DA:717,0
DA:724,0
LF:212
LH:0
BRDA:53,0,0,0
BRDA:58,1,0,0
BRDA:125,2,0,0
BRDA:125,3,0,0
BRDA:125,3,1,0
BRDA:132,4,0,0
BRDA:132,5,0,0
BRDA:132,5,1,0
BRDA:144,6,0,0
BRDA:159,7,0,0
BRDA:168,8,0,0
BRDA:168,8,1,0
BRDA:190,9,0,0
BRDA:199,10,0,0
BRDA:254,11,0,0
BRDA:254,11,1,0
BRDA:255,12,0,0
BRDA:255,12,1,0
BRDA:256,13,0,0
BRDA:256,13,1,0
BRDA:277,14,0,0
BRDA:285,15,0,0
BRDA:305,16,0,0
BRDA:326,17,0,0
BRDA:331,18,0,0
BRDA:336,19,0,0
BRDA:355,20,0,0
BRDA:371,21,0,0
BRDA:371,21,1,0
BRDA:391,22,0,0
BRDA:426,23,0,0
BRDA:426,23,1,0
BRDA:438,24,0,0
BRDA:438,24,1,0
BRDA:441,25,0,0
BRDA:441,25,1,0
BRDA:441,26,0,0
BRDA:441,26,1,0
BRDA:475,27,0,0
BRDA:482,28,0,0
BRDA:495,29,0,0
BRDA:499,30,0,0
BRDA:499,31,0,0
BRDA:499,31,1,0
BRDA:522,32,0,0
BRDA:537,33,0,0
BRDA:557,34,0,0
BRDA:600,35,0,0
BRDA:622,36,0,0
BRDA:627,37,0,0
BRDA:629,38,0,0
BRDA:643,39,0,0
BRDA:643,39,1,0
BRDA:651,40,0,0
BRDA:651,40,1,0
BRDA:659,41,0,0
BRDA:659,41,1,0
BRDA:672,42,0,0
BRDA:672,42,1,0
BRDA:673,43,0,0
BRDA:673,43,1,0
BRDA:674,44,0,0
BRDA:674,44,1,0
BRDA:682,45,0,0
BRDA:701,46,0,0
BRDA:705,47,0,0
BRDA:711,48,0,0
BRF:67
BRH:0
end_of_record
TN:
SF:src\services\AntiSpamService\index.ts
FN:38,(anonymous_0)
FN:60,(anonymous_1)
FN:78,(anonymous_2)
FN:94,(anonymous_3)
FN:103,(anonymous_4)
FN:112,(anonymous_5)
FN:119,(anonymous_6)
FN:168,(anonymous_7)
FN:228,(anonymous_8)
FN:230,(anonymous_9)
FN:267,(anonymous_10)
FN:285,(anonymous_11)
FN:286,(anonymous_12)
FN:292,(anonymous_13)
FN:299,(anonymous_14)
FN:307,(anonymous_15)
FN:320,(anonymous_16)
FNF:17
FNH:0
FNDA:0,(anonymous_0)
FNDA:0,(anonymous_1)
FNDA:0,(anonymous_2)
FNDA:0,(anonymous_3)
FNDA:0,(anonymous_4)
FNDA:0,(anonymous_5)
FNDA:0,(anonymous_6)
FNDA:0,(anonymous_7)
FNDA:0,(anonymous_8)
FNDA:0,(anonymous_9)
FNDA:0,(anonymous_10)
FNDA:0,(anonymous_11)
FNDA:0,(anonymous_12)
FNDA:0,(anonymous_13)
FNDA:0,(anonymous_14)
FNDA:0,(anonymous_15)
FNDA:0,(anonymous_16)
DA:36,0
DA:44,0
DA:45,0
DA:46,0
DA:49,0
DA:61,0
DA:62,0
DA:64,0
DA:65,0
DA:66,0
DA:67,0
DA:70,0
DA:71,0
DA:72,0
DA:79,0
DA:80,0
DA:81,0
DA:84,0
DA:85,0
DA:87,0
DA:88,0
DA:95,0
DA:96,0
DA:97,0
DA:104,0
DA:105,0
DA:106,0
DA:113,0
DA:120,0
DA:121,0
DA:123,0
DA:124,0
DA:125,0
DA:128,0
DA:129,0
DA:130,0
DA:133,0
DA:134,0
DA:135,0
DA:138,0
DA:139,0
DA:141,0
DA:142,0
DA:143,0
DA:145,0
DA:147,0
DA:148,0
DA:149,0
DA:151,0
DA:154,0
DA:156,0
DA:157,0
DA:158,0
DA:169,0
DA:171,0
DA:172,0
DA:173,0
DA:175,0
DA:176,0
DA:177,0
DA:179,0
DA:181,0
DA:182,0
DA:184,0
DA:185,0
DA:186,0
DA:188,0
DA:189,0
DA:190,0
DA:192,0
DA:198,0
DA:199,0
DA:200,0
DA:203,0
DA:204,0
DA:205,0
DA:209,0
DA:210,0
DA:211,0
DA:214,0
DA:215,0
DA:216,0
DA:221,0
DA:222,0
DA:229,0
DA:230,0
DA:232,0
DA:233,0
DA:234,0
DA:235,0
DA:236,0
DA:237,0
DA:239,0
DA:240,0
DA:241,0
DA:250,0
DA:251,0
DA:253,0
DA:254,0
DA:255,0
DA:257,0
DA:259,0
DA:260,0
DA:268,0
DA:269,0
DA:272,0
DA:274,0
DA:275,0
DA:277,0
DA:286,0
DA:293,0
DA:300,0
DA:301,0
DA:308,0
DA:321,0
DA:323,0
DA:324,0
DA:325,0
DA:327,0
LF:119
LH:0
BRDA:41,0,0,0
BRDA:64,1,0,0
BRDA:113,2,0,0
BRDA:113,2,1,0
BRDA:120,3,0,0
BRDA:120,3,1,0
BRDA:123,4,0,0
BRDA:128,5,0,0
BRDA:133,6,0,0
BRDA:133,7,0,0
BRDA:133,7,1,0
BRDA:139,8,0,0
BRDA:139,8,1,0
BRDA:147,9,0,0
BRDA:147,9,1,0
BRDA:148,10,0,0
BRDA:148,10,1,0
BRDA:149,11,0,0
BRDA:149,11,1,0
BRDA:157,12,0,0
BRDA:157,12,1,0
BRDA:160,13,0,0
BRDA:160,13,1,0
BRDA:184,14,0,0
BRDA:184,14,1,0
BRDA:209,15,0,0
BRDA:209,15,1,0
BRDA:214,16,0,0
BRDA:222,17,0,0
BRDA:222,17,1,0
BRDA:254,18,0,0
BRDA:254,19,0,0
BRDA:254,19,1,0
BRDA:312,20,0,0
BRDA:312,20,1,0
BRF:35
BRH:0
end_of_record
TN:
SF:src\services\CacheService\index.ts
FN:14,(anonymous_0)
FN:22,(anonymous_1)
FN:30,(anonymous_2)
FN:46,(anonymous_3)
FN:56,(anonymous_4)
FN:65,(anonymous_5)
FN:72,(anonymous_6)
FN:82,(anonymous_7)
FN:97,(anonymous_8)
FN:104,(anonymous_9)
FN:111,(anonymous_10)
FNF:11
FNH:0
FNDA:0,(anonymous_0)
FNDA:0,(anonymous_1)
FNDA:0,(anonymous_2)
FNDA:0,(anonymous_3)
FNDA:0,(anonymous_4)
FNDA:0,(anonymous_5)
FNDA:0,(anonymous_6)
FNDA:0,(anonymous_7)
FNDA:0,(anonymous_8)
FNDA:0,(anonymous_9)
FNDA:0,(anonymous_10)
DA:11,0
DA:12,0
DA:15,0
DA:16,0
DA:23,0
DA:24,0
DA:31,0
DA:33,0
DA:35,0
DA:36,0
DA:38,0
DA:39,0
DA:47,0
DA:48,0
DA:49,0
DA:50,0
DA:57,0
DA:58,0
DA:59,0
DA:66,0
DA:73,0
DA:83,0
DA:84,0
DA:86,0
DA:87,0
DA:88,0
DA:91,0
DA:98,0
DA:105,0
DA:112,0
LF:30
LH:0
BRDA:75,0,0,0
BRDA:75,0,1,0
BRDA:84,1,0,0
BRDA:86,2,0,0
BRDA:86,3,0,0
BRDA:86,3,1,0
BRDA:115,4,0,0
BRDA:115,4,1,0
BRF:8
BRH:0
end_of_record
TN:
SF:src\services\CaptchaService\index.ts
FN:43,(anonymous_0)
FN:64,(anonymous_1)
FN:72,(anonymous_2)
FN:84,(anonymous_3)
FN:94,(anonymous_4)
FN:103,(anonymous_5)
FN:110,(anonymous_6)
FN:113,(anonymous_7)
FN:146,(anonymous_8)
FN:177,(anonymous_9)
FN:227,(anonymous_10)
FN:245,(anonymous_11)
FN:252,(anonymous_12)
FN:259,(anonymous_13)
FN:266,(anonymous_14)
FN:269,(anonymous_15)
FN:299,(anonymous_16)
FN:324,(anonymous_17)
FN:331,(anonymous_18)
FN:339,(anonymous_19)
FNF:20
FNH:0
FNDA:0,(anonymous_0)
FNDA:0,(anonymous_1)
FNDA:0,(anonymous_2)
FNDA:0,(anonymous_3)
FNDA:0,(anonymous_4)
FNDA:0,(anonymous_5)
FNDA:0,(anonymous_6)
FNDA:0,(anonymous_7)
FNDA:0,(anonymous_8)
FNDA:0,(anonymous_9)
FNDA:0,(anonymous_10)
FNDA:0,(anonymous_11)
FNDA:0,(anonymous_12)
FNDA:0,(anonymous_13)
FNDA:0,(anonymous_14)
FNDA:0,(anonymous_15)
FNDA:0,(anonymous_16)
FNDA:0,(anonymous_17)
FNDA:0,(anonymous_18)
FNDA:0,(anonymous_19)
DA:40,0
DA:41,0
DA:49,0
DA:50,0
DA:51,0
DA:54,0
DA:65,0
DA:66,0
DA:73,0
DA:76,0
DA:78,0
DA:85,0
DA:86,0
DA:87,0
DA:88,0
DA:95,0
DA:96,0
DA:97,0
DA:104,0
DA:111,0
DA:113,0
DA:114,0
DA:118,0
DA:119,0
DA:120,0
DA:121,0
DA:123,0
DA:126,0
DA:127,0
DA:128,0
DA:129,0
DA:130,0
DA:135,0
DA:136,0
DA:138,0
DA:140,0
DA:154,0
DA:155,0
DA:157,0
DA:168,0
DA:170,0
DA:171,0
DA:181,0
DA:183,0
DA:185,0
DA:186,0
DA:187,0
DA:190,0
DA:192,0
DA:193,0
DA:194,0
DA:197,0
DA:198,0
DA:199,0
DA:202,0
DA:204,0
DA:205,0
DA:206,0
DA:209,0
DA:210,0
DA:213,0
DA:216,0
DA:217,0
DA:221,0
DA:228,0
DA:230,0
DA:231,0
DA:232,0
DA:233,0
DA:234,0
DA:236,0
DA:239,0
DA:246,0
DA:253,0
DA:260,0
DA:267,0
DA:269,0
DA:270,0
DA:272,0
DA:273,0
DA:275,0
DA:276,0
DA:277,0
DA:278,0
DA:283,0
DA:284,0
DA:285,0
DA:288,0
DA:289,0
DA:293,0
DA:300,0
DA:303,0
DA:304,0
DA:325,0
DA:332,0
DA:333,0
DA:340,0
LF:97
LH:0
BRDA:46,0,0,0
BRDA:129,1,0,0
BRDA:129,2,0,0
BRDA:129,2,1,0
BRDA:152,3,0,0
BRDA:185,4,0,0
BRDA:192,5,0,0
BRDA:197,6,0,0
BRDA:204,7,0,0
BRDA:204,7,1,0
BRDA:209,8,0,0
BRDA:216,9,0,0
BRDA:231,10,0,0
BRDA:231,10,1,0
BRDA:270,11,0,0
BRDA:276,12,0,0
BRDA:276,13,0,0
BRDA:276,13,1,0
BRDA:288,14,0,0
BRDA:303,15,0,0
BRF:20
BRH:0
end_of_record
TN:
SF:src\services\DatabaseService\index.ts
FN:18,(anonymous_0)
FN:26,(anonymous_1)
FN:63,(anonymous_2)
FN:91,(anonymous_3)
FN:111,(anonymous_4)
FN:120,(anonymous_5)
FN:127,(anonymous_6)
FN:137,(anonymous_7)
FN:184,(anonymous_8)
FN:206,(anonymous_9)
FNF:10
FNH:0
FNDA:0,(anonymous_0)
FNDA:0,(anonymous_1)
FNDA:0,(anonymous_2)
FNDA:0,(anonymous_3)
FNDA:0,(anonymous_4)
FNDA:0,(anonymous_5)
FNDA:0,(anonymous_6)
FNDA:0,(anonymous_7)
FNDA:0,(anonymous_8)
FNDA:0,(anonymous_9)
DA:14,0
DA:15,0
DA:16,0
DA:19,0
DA:20,0
DA:27,0
DA:29,0
DA:31,0
DA:32,0
DA:33,0
DA:37,0
DA:48,0
DA:53,0
DA:55,0
DA:56,0
DA:64,0
DA:66,0
DA:67,0
DA:68,0
DA:71,0
DA:73,0
DA:74,0
DA:76,0
DA:79,0
DA:80,0
DA:83,0
DA:84,0
DA:92,0
DA:94,0
DA:95,0
DA:96,0
DA:97,0
DA:98,0
DA:99,0
DA:102,0
DA:104,0
DA:112,0
DA:113,0
DA:114,0
DA:121,0
DA:128,0
DA:129,0
DA:131,0
DA:138,0
DA:139,0
DA:142,0
DA:143,0
DA:152,0
DA:153,0
DA:160,0
DA:161,0
DA:163,0
DA:172,0
DA:173,0
DA:185,0
DA:186,0
DA:189,0
DA:190,0
DA:191,0
DA:192,0
DA:194,0
DA:196,0
DA:207,0
DA:208,0
DA:211,0
DA:213,0
DA:223,0
DA:229,0
DA:240,0
DA:241,0
LF:70
LH:0
BRDA:31,0,0,0
BRDA:66,1,0,0
BRDA:66,2,0,0
BRDA:66,2,1,0
BRDA:95,3,0,0
BRDA:121,4,0,0
BRDA:121,4,1,0
BRDA:121,4,2,0
BRDA:128,5,0,0
BRDA:138,6,0,0
BRDA:152,7,0,0
BRDA:152,8,0,0
BRDA:152,8,1,0
BRDA:161,9,0,0
BRDA:161,9,1,0
BRDA:166,10,0,0
BRDA:166,10,1,0
BRDA:167,11,0,0
BRDA:167,11,1,0
BRDA:168,12,0,0
BRDA:168,12,1,0
BRDA:168,13,0,0
BRDA:168,13,1,0
BRDA:169,14,0,0
BRDA:169,14,1,0
BRDA:169,15,0,0
BRDA:169,15,1,0
BRDA:176,16,0,0
BRDA:176,16,1,0
BRDA:185,17,0,0
BRDA:198,18,0,0
BRDA:198,18,1,0
BRDA:207,19,0,0
BRDA:243,20,0,0
BRDA:243,20,1,0
BRF:35
BRH:0
end_of_record
TN:
SF:src\services\RedisService\index.ts
FN:15,(anonymous_0)
FN:23,(anonymous_1)
FN:39,(anonymous_2)
FN:51,(anonymous_3)
FN:56,(anonymous_4)
FN:60,(anonymous_5)
FN:65,(anonymous_6)
FN:70,(anonymous_7)
FN:84,(anonymous_8)
FN:115,(anonymous_9)
FN:134,(anonymous_10)
FN:143,(anonymous_11)
FN:150,(anonymous_12)
FN:195,(anonymous_13)
FN:219,(anonymous_14)
FN:241,(anonymous_15)
FN:256,(anonymous_16)
FN:271,(anonymous_17)
FN:286,(anonymous_18)
FN:307,(anonymous_19)
FN:324,(anonymous_20)
FN:331,(anonymous_21)
FN:338,(anonymous_22)
FN:342,(anonymous_23)
FN:346,(anonymous_24)
FN:353,(anonymous_25)
FN:357,(anonymous_26)
FN:364,(anonymous_27)
FN:382,(anonymous_28)
FN:391,(anonymous_29)
FN:420,(anonymous_30)
FNF:31
FNH:0
FNDA:0,(anonymous_0)
FNDA:0,(anonymous_1)
FNDA:0,(anonymous_2)
FNDA:0,(anonymous_3)
FNDA:0,(anonymous_4)
FNDA:0,(anonymous_5)
FNDA:0,(anonymous_6)
FNDA:0,(anonymous_7)
FNDA:0,(anonymous_8)
FNDA:0,(anonymous_9)
FNDA:0,(anonymous_10)
FNDA:0,(anonymous_11)
FNDA:0,(anonymous_12)
FNDA:0,(anonymous_13)
FNDA:0,(anonymous_14)
FNDA:0,(anonymous_15)
FNDA:0,(anonymous_16)
FNDA:0,(anonymous_17)
FNDA:0,(anonymous_18)
FNDA:0,(anonymous_19)
FNDA:0,(anonymous_20)
FNDA:0,(anonymous_21)
FNDA:0,(anonymous_22)
FNDA:0,(anonymous_23)
FNDA:0,(anonymous_24)
FNDA:0,(anonymous_25)
FNDA:0,(anonymous_26)
FNDA:0,(anonymous_27)
FNDA:0,(anonymous_28)
FNDA:0,(anonymous_29)
FNDA:0,(anonymous_30)
DA:12,0
DA:13,0
DA:16,0
DA:17,0
DA:24,0
DA:26,0
DA:28,0
DA:29,0
DA:30,0
DA:31,0
DA:35,0
DA:40,0
DA:41,0
DA:42,0
DA:44,0
DA:51,0
DA:52,0
DA:53,0
DA:56,0
DA:57,0
DA:60,0
DA:61,0
DA:62,0
DA:65,0
DA:66,0
DA:67,0
DA:70,0
DA:71,0
DA:74,0
DA:76,0
DA:85,0
DA:87,0
DA:88,0
DA:89,0
DA:92,0
DA:93,0
DA:94,0
DA:97,0
DA:99,0
DA:102,0
DA:103,0
DA:106,0
DA:107,0
DA:116,0
DA:118,0
DA:119,0
DA:120,0
DA:122,0
DA:123,0
DA:125,0
DA:127,0
DA:135,0
DA:136,0
DA:137,0
DA:144,0
DA:151,0
DA:152,0
DA:158,0
DA:159,0
DA:160,0
DA:161,0
DA:163,0
DA:164,0
DA:165,0
DA:166,0
DA:167,0
DA:172,0
DA:183,0
DA:184,0
DA:196,0
DA:197,0
DA:200,0
DA:201,0
DA:202,0
DA:203,0
DA:205,0
DA:207,0
DA:220,0
DA:222,0
DA:223,0
DA:225,0
DA:226,0
DA:228,0
DA:231,0
DA:233,0
DA:234,0
DA:242,0
DA:244,0
DA:245,0
DA:246,0
DA:248,0
DA:249,0
DA:257,0
DA:259,0
DA:260,0
DA:261,0
DA:263,0
DA:264,0
DA:272,0
DA:274,0
DA:275,0
DA:276,0
DA:278,0
DA:279,0
DA:287,0
DA:289,0
DA:290,0
DA:293,0
DA:294,0
DA:297,0
DA:299,0
DA:300,0
DA:308,0
DA:310,0
DA:311,0
DA:312,0
DA:314,0
DA:315,0
DA:325,0
DA:332,0
DA:339,0
DA:343,0
DA:347,0
DA:354,0
DA:358,0
DA:365,0
DA:366,0
DA:368,0
DA:371,0
DA:372,0
DA:373,0
DA:374,0
DA:375,0
DA:376,0
DA:379,0
DA:383,0
DA:384,0
DA:385,0
DA:392,0
DA:393,0
DA:396,0
DA:397,0
DA:398,0
DA:399,0
DA:401,0
DA:409,0
DA:410,0
DA:421,0
DA:422,0
DA:424,0
DA:425,0
DA:426,0
DA:427,0
DA:428,0
DA:433,0
LF:155
LH:0
BRDA:28,0,0,0
BRDA:40,1,0,0
BRDA:87,2,0,0
BRDA:119,3,0,0
BRDA:119,4,0,0
BRDA:119,4,1,0
BRDA:144,5,0,0
BRDA:144,5,1,0
BRDA:151,6,0,0
BRDA:151,7,0,0
BRDA:151,7,1,0
BRDA:154,8,0,0
BRDA:154,8,1,0
BRDA:164,9,0,0
BRDA:166,10,0,0
BRDA:166,11,0,0
BRDA:166,11,1,0
BRDA:176,12,0,0
BRDA:176,12,1,0
BRDA:187,13,0,0
BRDA:187,13,1,0
BRDA:196,14,0,0
BRDA:196,15,0,0
BRDA:196,15,1,0
BRDA:209,16,0,0
BRDA:209,16,1,0
BRDA:220,17,0,0
BRDA:220,18,0,0
BRDA:220,18,1,0
BRDA:225,19,0,0
BRDA:225,19,1,0
BRDA:242,20,0,0
BRDA:242,21,0,0
BRDA:242,21,1,0
BRDA:246,22,0,0
BRDA:246,22,1,0
BRDA:257,23,0,0
BRDA:257,24,0,0
BRDA:257,24,1,0
BRDA:272,25,0,0
BRDA:272,26,0,0
BRDA:272,26,1,0
BRDA:287,27,0,0
BRDA:287,28,0,0
BRDA:287,28,1,0
BRDA:293,29,0,0
BRDA:293,30,0,0
BRDA:293,30,1,0
BRDA:308,31,0,0
BRDA:308,32,0,0
BRDA:308,32,1,0
BRDA:324,33,0,0
BRDA:371,34,0,0
BRDA:385,35,0,0
BRDA:385,35,1,0
BRDA:392,36,0,0
BRDA:392,37,0,0
BRDA:392,37,1,0
BRDA:412,38,0,0
BRDA:412,38,1,0
BRDA:425,39,0,0
BRDA:427,40,0,0
BRDA:427,41,0,0
BRDA:427,41,1,0
BRF:64
BRH:0
end_of_record
TN:
SF:src\services\TelegramBot\index.ts
FN:54,(anonymous_0)
FN:80,(anonymous_1)
FN:90,(anonymous_2)
FN:99,(anonymous_3)
FN:131,(anonymous_4)
FN:202,(anonymous_5)
FN:219,(anonymous_6)
FN:229,(anonymous_7)
FN:236,(anonymous_8)
FN:240,(anonymous_9)
FN:244,(anonymous_10)
FN:248,(anonymous_11)
FN:253,(anonymous_12)
FN:257,(anonymous_13)
FN:261,(anonymous_14)
FN:265,(anonymous_15)
FN:270,(anonymous_16)
FN:275,(anonymous_17)
FN:280,(anonymous_18)
FN:286,(anonymous_19)
FN:291,(anonymous_20)
FN:301,(anonymous_21)
FN:304,(anonymous_22)
FN:308,(anonymous_23)
FN:312,(anonymous_24)
FN:319,(anonymous_25)
FN:323,(anonymous_26)
FN:327,(anonymous_27)
FN:338,(anonymous_28)
FN:361,(anonymous_29)
FN:383,(anonymous_30)
FN:407,(anonymous_31)
FN:440,(anonymous_32)
FN:498,(anonymous_33)
FN:534,(anonymous_34)
FN:605,(anonymous_35)
FN:671,(anonymous_36)
FN:698,(anonymous_37)
FN:729,(anonymous_38)
FN:747,(anonymous_39)
FN:764,(anonymous_40)
FN:779,(anonymous_41)
FN:793,(anonymous_42)
FN:806,(anonymous_43)
FN:820,(anonymous_44)
FN:833,(anonymous_45)
FN:848,(anonymous_46)
FN:862,(anonymous_47)
FN:891,(anonymous_48)
FN:920,(anonymous_49)
FN:930,(anonymous_50)
FN:941,(anonymous_51)
FN:961,(anonymous_52)
FN:984,(anonymous_53)
FN:997,(anonymous_54)
FN:1011,(anonymous_55)
FN:1048,(anonymous_56)
FN:1065,(anonymous_57)
FN:1112,(anonymous_58)
FN:1171,(anonymous_59)
FN:1249,(anonymous_60)
FN:1303,(anonymous_61)
FN:1338,(anonymous_62)
FN:1387,(anonymous_63)
FN:1436,(anonymous_64)
FN:1443,(anonymous_65)
FN:1469,(anonymous_66)
FN:1485,(anonymous_67)
FN:1498,(anonymous_68)
FN:1505,(anonymous_69)
FN:1516,(anonymous_70)
FN:1536,(anonymous_71)
FN:1539,(anonymous_72)
FNF:73
FNH:0
FNDA:0,(anonymous_0)
FNDA:0,(anonymous_1)
FNDA:0,(anonymous_2)
FNDA:0,(anonymous_3)
FNDA:0,(anonymous_4)
FNDA:0,(anonymous_5)
FNDA:0,(anonymous_6)
FNDA:0,(anonymous_7)
FNDA:0,(anonymous_8)
FNDA:0,(anonymous_9)
FNDA:0,(anonymous_10)
FNDA:0,(anonymous_11)
FNDA:0,(anonymous_12)
FNDA:0,(anonymous_13)
FNDA:0,(anonymous_14)
FNDA:0,(anonymous_15)
FNDA:0,(anonymous_16)
FNDA:0,(anonymous_17)
FNDA:0,(anonymous_18)
FNDA:0,(anonymous_19)
FNDA:0,(anonymous_20)
FNDA:0,(anonymous_21)
FNDA:0,(anonymous_22)
FNDA:0,(anonymous_23)
FNDA:0,(anonymous_24)
FNDA:0,(anonymous_25)
FNDA:0,(anonymous_26)
FNDA:0,(anonymous_27)
FNDA:0,(anonymous_28)
FNDA:0,(anonymous_29)
FNDA:0,(anonymous_30)
FNDA:0,(anonymous_31)
FNDA:0,(anonymous_32)
FNDA:0,(anonymous_33)
FNDA:0,(anonymous_34)
FNDA:0,(anonymous_35)
FNDA:0,(anonymous_36)
FNDA:0,(anonymous_37)
FNDA:0,(anonymous_38)
FNDA:0,(anonymous_39)
FNDA:0,(anonymous_40)
FNDA:0,(anonymous_41)
FNDA:0,(anonymous_42)
FNDA:0,(anonymous_43)
FNDA:0,(anonymous_44)
FNDA:0,(anonymous_45)
FNDA:0,(anonymous_46)
FNDA:0,(anonymous_47)
FNDA:0,(anonymous_48)
FNDA:0,(anonymous_49)
FNDA:0,(anonymous_50)
FNDA:0,(anonymous_51)
FNDA:0,(anonymous_52)
FNDA:0,(anonymous_53)
FNDA:0,(anonymous_54)
FNDA:0,(anonymous_55)
FNDA:0,(anonymous_56)
FNDA:0,(anonymous_57)
FNDA:0,(anonymous_58)
FNDA:0,(anonymous_59)
FNDA:0,(anonymous_60)
FNDA:0,(anonymous_61)
FNDA:0,(anonymous_62)
FNDA:0,(anonymous_63)
FNDA:0,(anonymous_64)
FNDA:0,(anonymous_65)
FNDA:0,(anonymous_66)
FNDA:0,(anonymous_67)
FNDA:0,(anonymous_68)
FNDA:0,(anonymous_69)
FNDA:0,(anonymous_70)
FNDA:0,(anonymous_71)
FNDA:0,(anonymous_72)
DA:49,0
DA:50,0
DA:51,0
DA:52,0
DA:60,0
DA:61,0
DA:62,0
DA:65,0
DA:81,0
DA:93,0
DA:100,0
DA:102,0
DA:104,0
DA:105,0
DA:106,0
DA:109,0
DA:112,0
DA:114,0
DA:116,0
DA:117,0
DA:118,0
DA:119,0
DA:120,0
DA:123,0
DA:132,0
DA:135,0
DA:136,0
DA:137,0
DA:138,0
DA:139,0
DA:142,0
DA:143,0
DA:144,0
DA:145,0
DA:146,0
DA:148,0
DA:152,0
DA:153,0
DA:154,0
DA:156,0
DA:157,0
DA:160,0
DA:161,0
DA:162,0
DA:165,0
DA:167,0
DA:168,0
DA:169,0
DA:172,0
DA:173,0
DA:174,0
DA:177,0
DA:180,0
DA:183,0
DA:184,0
DA:185,0
DA:186,0
DA:188,0
DA:192,0
DA:194,0
DA:195,0
DA:203,0
DA:204,0
DA:206,0
DA:207,0
DA:208,0
DA:209,0
DA:211,0
DA:220,0
DA:221,0
DA:222,0
DA:223,0
DA:230,0
DA:237,0
DA:240,0
DA:241,0
DA:244,0
DA:245,0
DA:248,0
DA:249,0
DA:253,0
DA:254,0
DA:257,0
DA:258,0
DA:261,0
DA:262,0
DA:265,0
DA:266,0
DA:270,0
DA:271,0
DA:272,0
DA:275,0
DA:276,0
DA:277,0
DA:280,0
DA:281,0
DA:282,0
DA:286,0
DA:287,0
DA:291,0
DA:292,0
DA:303,0
DA:304,0
DA:305,0
DA:308,0
DA:309,0
DA:312,0
DA:313,0
DA:318,0
DA:319,0
DA:320,0
DA:323,0
DA:324,0
DA:327,0
DA:339,0
DA:340,0
DA:341,0
DA:342,0
DA:343,0
DA:354,0
DA:362,0
DA:363,0
DA:365,0
DA:366,0
DA:367,0
DA:370,0
DA:372,0
DA:376,0
DA:377,0
DA:378,0
DA:379,0
DA:380,0
DA:382,0
DA:383,0
DA:384,0
DA:387,0
DA:388,0
DA:389,0
DA:390,0
DA:398,0
DA:400,0
DA:408,0
DA:409,0
DA:410,0
DA:411,0
DA:414,0
DA:416,0
DA:420,0
DA:421,0
DA:422,0
DA:423,0
DA:424,0
DA:429,0
DA:433,0
DA:441,0
DA:443,0
DA:444,0
DA:445,0
DA:449,0
DA:450,0
DA:451,0
DA:454,0
DA:455,0
DA:458,0
DA:459,0
DA:460,0
DA:462,0
DA:465,0
DA:472,0
DA:475,0
DA:476,0
DA:486,0
DA:487,0
DA:489,0
DA:491,0
DA:504,0
DA:507,0
DA:508,0
DA:509,0
DA:510,0
DA:511,0
DA:513,0
DA:514,0
DA:515,0
DA:516,0
DA:517,0
DA:518,0
DA:522,0
DA:535,0
DA:537,0
DA:538,0
DA:539,0
DA:542,0
DA:543,0
DA:544,0
DA:547,0
DA:548,0
DA:549,0
DA:550,0
DA:551,0
DA:552,0
DA:553,0
DA:554,0
DA:555,0
DA:556,0
DA:557,0
DA:558,0
DA:559,0
DA:562,0
DA:564,0
DA:565,0
DA:566,0
DA:567,0
DA:570,0
DA:576,0
DA:578,0
DA:579,0
DA:580,0
DA:581,0
DA:583,0
DA:584,0
DA:588,0
DA:589,0
DA:590,0
DA:592,0
DA:596,0
DA:598,0
DA:606,0
DA:607,0
DA:608,0
DA:609,0
DA:610,0
DA:612,0
DA:613,0
DA:618,0
DA:620,0
DA:621,0
DA:628,0
DA:632,0
DA:633,0
DA:634,0
DA:637,0
DA:638,0
DA:640,0
DA:641,0
DA:642,0
DA:647,0
DA:648,0
DA:652,0
DA:653,0
DA:654,0
DA:656,0
DA:657,0
DA:658,0
DA:664,0
DA:672,0
DA:674,0
DA:675,0
DA:684,0
DA:685,0
DA:686,0
DA:691,0
DA:699,0
DA:700,0
DA:701,0
DA:702,0
DA:704,0
DA:705,0
DA:706,0
DA:709,0
DA:712,0
DA:715,0
DA:718,0
DA:720,0
DA:722,0
DA:730,0
DA:731,0
DA:733,0
DA:734,0
DA:736,0
DA:738,0
DA:740,0
DA:748,0
DA:750,0
DA:751,0
DA:758,0
DA:765,0
DA:766,0
DA:770,0
DA:772,0
DA:780,0
DA:781,0
DA:784,0
DA:785,0
DA:786,0
DA:793,0
DA:794,0
DA:797,0
DA:799,0
DA:807,0
DA:808,0
DA:811,0
DA:812,0
DA:813,0
DA:820,0
DA:821,0
DA:824,0
DA:826,0
DA:834,0
DA:835,0
DA:841,0
DA:849,0
DA:850,0
DA:855,0
DA:863,0
DA:864,0
DA:884,0
DA:892,0
DA:893,0
DA:913,0
DA:921,0
DA:922,0
DA:923,0
DA:930,0
DA:931,0
DA:934,0
DA:942,0
DA:943,0
DA:949,0
DA:954,0
DA:962,0
DA:964,0
DA:965,0
DA:972,0
DA:978,0
DA:984,0
DA:985,0
DA:988,0
DA:990,0
DA:998,0
DA:999,0
DA:1004,0
DA:1012,0
DA:1015,0
DA:1016,0
DA:1017,0
DA:1020,0
DA:1028,0
DA:1030,0
DA:1034,0
DA:1035,0
DA:1037,0
DA:1041,0
DA:1049,0
DA:1066,0
DA:1067,0
DA:1068,0
DA:1069,0
DA:1070,0
DA:1074,0
DA:1076,0
DA:1087,0
DA:1090,0
DA:1093,0
DA:1097,0
DA:1100,0
DA:1101,0
DA:1102,0
DA:1104,0
DA:1113,0
DA:1114,0
DA:1115,0
DA:1116,0
DA:1117,0
DA:1121,0
DA:1124,0
DA:1125,0
DA:1126,0
DA:1127,0
DA:1130,0
DA:1131,0
DA:1132,0
DA:1133,0
DA:1135,0
DA:1136,0
DA:1137,0
DA:1138,0
DA:1139,0
DA:1143,0
DA:1144,0
DA:1145,0
DA:1146,0
DA:1147,0
DA:1148,0
DA:1151,0
DA:1153,0
DA:1156,0
DA:1159,0
DA:1160,0
DA:1161,0
DA:1163,0
DA:1172,0
DA:1173,0
DA:1174,0
DA:1175,0
DA:1179,0
DA:1182,0
DA:1183,0
DA:1184,0
DA:1185,0
DA:1187,0
DA:1188,0
DA:1189,0
DA:1190,0
DA:1191,0
DA:1194,0
DA:1195,0
DA:1196,0
DA:1197,0
DA:1200,0
DA:1201,0
DA:1202,0
DA:1203,0
DA:1204,0
DA:1205,0
DA:1206,0
DA:1207,0
DA:1211,0
DA:1212,0
DA:1213,0
DA:1214,0
DA:1215,0
DA:1216,0
DA:1217,0
DA:1221,0
DA:1226,0
DA:1227,0
DA:1228,0
DA:1229,0
DA:1231,0
DA:1234,0
DA:1237,0
DA:1238,0
DA:1239,0
DA:1241,0
DA:1250,0
DA:1251,0
DA:1252,0
DA:1253,0
DA:1255,0
DA:1256,0
DA:1257,0
DA:1260,0
DA:1261,0
DA:1262,0
DA:1263,0
DA:1266,0
DA:1267,0
DA:1270,0
DA:1271,0
DA:1272,0
DA:1275,0
DA:1276,0
DA:1280,0
DA:1281,0
DA:1282,0
DA:1286,0
DA:1287,0
DA:1288,0
DA:1291,0
DA:1292,0
DA:1295,0
DA:1296,0
DA:1304,0
DA:1305,0
DA:1306,0
DA:1307,0
DA:1309,0
DA:1310,0
DA:1311,0
DA:1314,0
DA:1315,0
DA:1316,0
DA:1317,0
DA:1320,0
DA:1325,0
DA:1326,0
DA:1327,0
DA:1330,0
DA:1331,0
DA:1339,0
DA:1340,0
DA:1341,0
DA:1342,0
DA:1344,0
DA:1345,0
DA:1346,0
DA:1349,0
DA:1350,0
DA:1353,0
DA:1354,0
DA:1355,0
DA:1357,0
DA:1358,0
DA:1359,0
DA:1360,0
DA:1362,0
DA:1365,0
DA:1366,0
DA:1367,0
DA:1371,0
DA:1372,0
DA:1375,0
DA:1376,0
DA:1379,0
DA:1380,0
DA:1388,0
DA:1389,0
DA:1390,0
DA:1391,0
DA:1393,0
DA:1394,0
DA:1395,0
DA:1398,0
DA:1399,0
DA:1402,0
DA:1403,0
DA:1404,0
DA:1406,0
DA:1407,0
DA:1408,0
DA:1409,0
DA:1411,0
DA:1414,0
DA:1415,0
DA:1416,0
DA:1420,0
DA:1421,0
DA:1424,0
DA:1425,0
DA:1428,0
DA:1429,0
DA:1437,0
DA:1444,0
DA:1445,0
DA:1448,0
DA:1451,0
DA:1452,0
DA:1453,0
DA:1455,0
DA:1456,0
DA:1460,0
DA:1461,0
DA:1470,0
DA:1478,0
DA:1486,0
DA:1491,0
DA:1499,0
DA:1506,0
DA:1507,0
DA:1508,0
DA:1510,0
DA:1517,0
DA:1518,0
DA:1519,0
DA:1521,0
DA:1522,0
DA:1523,0
DA:1524,0
DA:1528,0
DA:1539,0
DA:1540,0
LF:572
LH:0
BRDA:57,0,0,0
BRDA:142,1,0,0
BRDA:142,1,1,0
BRDA:146,2,0,0
BRDA:146,2,1,0
BRDA:156,3,0,0
BRDA:160,4,0,0
BRDA:160,5,0,0
BRDA:160,5,1,0
BRDA:167,6,0,0
BRDA:183,7,0,0
BRDA:183,8,0,0
BRDA:183,8,1,0
BRDA:203,9,0,0
BRDA:203,10,0,0
BRDA:203,10,1,0
BRDA:230,11,0,0
BRDA:230,11,1,0
BRDA:237,12,0,0
BRDA:303,13,0,0
BRDA:318,14,0,0
BRDA:367,15,0,0
BRDA:367,15,1,0
BRDA:367,15,2,0
BRDA:370,16,0,0
BRDA:370,17,0,0
BRDA:370,17,1,0
BRDA:379,18,0,0
BRDA:379,18,1,0
BRDA:382,19,0,0
BRDA:388,20,0,0
BRDA:388,20,1,0
BRDA:411,21,0,0
BRDA:411,21,1,0
BRDA:411,21,2,0
BRDA:414,22,0,0
BRDA:414,23,0,0
BRDA:414,23,1,0
BRDA:420,24,0,0
BRDA:422,25,0,0
BRDA:443,26,0,0
BRDA:449,27,0,0
BRDA:472,28,0,0
BRDA:472,28,1,0
BRDA:479,29,0,0
BRDA:479,29,1,0
BRDA:482,30,0,0
BRDA:482,30,1,0
BRDA:507,31,0,0
BRDA:507,31,1,0
BRDA:516,32,0,0
BRDA:517,33,0,0
BRDA:537,34,0,0
BRDA:548,35,0,0
BRDA:548,35,1,0
BRDA:550,36,0,0
BRDA:550,36,1,0
BRDA:552,37,0,0
BRDA:552,37,1,0
BRDA:554,38,0,0
BRDA:554,38,1,0
BRDA:556,39,0,0
BRDA:556,39,1,0
BRDA:558,40,0,0
BRDA:564,41,0,0
BRDA:578,42,0,0
BRDA:578,42,1,0
BRDA:579,43,0,0
BRDA:579,43,1,0
BRDA:612,44,0,0
BRDA:612,45,0,0
BRDA:612,45,1,0
BRDA:612,45,2,0
BRDA:620,46,0,0
BRDA:625,47,0,0
BRDA:625,47,1,0
BRDA:633,48,0,0
BRDA:633,48,1,0
BRDA:637,49,0,0
BRDA:637,50,0,0
BRDA:637,50,1,0
BRDA:640,51,0,0
BRDA:647,52,0,0
BRDA:652,53,0,0
BRDA:656,54,0,0
BRDA:656,55,0,0
BRDA:656,55,1,0
BRDA:672,56,0,0
BRDA:684,57,0,0
BRDA:685,58,0,0
BRDA:702,59,0,0
BRDA:702,59,1,0
BRDA:702,59,2,0
BRDA:704,60,0,0
BRDA:704,61,0,0
BRDA:704,61,1,0
BRDA:733,62,0,0
BRDA:733,62,1,0
BRDA:734,63,0,0
BRDA:734,63,1,0
BRDA:748,64,0,0
BRDA:750,65,0,0
BRDA:784,66,0,0
BRDA:784,66,1,0
BRDA:811,67,0,0
BRDA:811,67,1,0
BRDA:1015,68,0,0
BRDA:1015,69,0,0
BRDA:1015,69,1,0
BRDA:1028,70,0,0
BRDA:1028,71,0,0
BRDA:1028,71,1,0
BRDA:1034,72,0,0
BRDA:1035,73,0,0
BRDA:1035,73,1,0
BRDA:1058,74,0,0
BRDA:1058,74,1,0
BRDA:1069,75,0,0
BRDA:1069,75,1,0
BRDA:1074,76,0,0
BRDA:1074,76,1,0
BRDA:1135,77,0,0
BRDA:1143,78,0,0
BRDA:1151,79,0,0
BRDA:1151,79,1,0
BRDA:1191,80,0,0
BRDA:1191,80,1,0
BRDA:1195,81,0,0
BRDA:1195,81,1,0
BRDA:1196,82,0,0
BRDA:1196,82,1,0
BRDA:1197,83,0,0
BRDA:1197,83,1,0
BRDA:1200,84,0,0
BRDA:1203,85,0,0
BRDA:1205,86,0,0
BRDA:1205,86,1,0
BRDA:1206,87,0,0
BRDA:1206,87,1,0
BRDA:1207,88,0,0
BRDA:1207,88,1,0
BRDA:1211,89,0,0
BRDA:1213,90,0,0
BRDA:1215,91,0,0
BRDA:1215,91,1,0
BRDA:1216,92,0,0
BRDA:1216,92,1,0
BRDA:1217,93,0,0
BRDA:1217,93,1,0
BRDA:1255,94,0,0
BRDA:1261,95,0,0
BRDA:1270,96,0,0
BRDA:1270,96,1,0
BRDA:1272,97,0,0
BRDA:1272,97,1,0
BRDA:1280,98,0,0
BRDA:1280,99,0,0
BRDA:1280,99,1,0
BRDA:1286,100,0,0
BRDA:1309,101,0,0
BRDA:1315,102,0,0
BRDA:1344,103,0,0
BRDA:1353,104,0,0
BRDA:1353,104,1,0
BRDA:1355,105,0,0
BRDA:1355,105,1,0
BRDA:1358,106,0,0
BRDA:1365,107,0,0
BRDA:1365,108,0,0
BRDA:1365,108,1,0
BRDA:1371,109,0,0
BRDA:1393,110,0,0
BRDA:1402,111,0,0
BRDA:1402,111,1,0
BRDA:1404,112,0,0
BRDA:1404,112,1,0
BRDA:1407,113,0,0
BRDA:1414,114,0,0
BRDA:1414,115,0,0
BRDA:1414,115,1,0
BRDA:1420,116,0,0
BRDA:1448,117,0,0
BRDA:1448,118,0,0
BRDA:1448,118,1,0
BRDA:1448,118,2,0
BRDA:1452,119,0,0
BRDA:1455,120,0,0
BRDA:1460,121,0,0
BRDA:1507,122,0,0
BRDA:1522,123,0,0
BRDA:1528,124,0,0
BRF:191
BRH:0
end_of_record
TN:
SF:src\services\WebServerService\index.ts
FN:46,(anonymous_0)
FN:69,(anonymous_1)
FN:97,(anonymous_2)
FN:121,(anonymous_3)
FN:132,(anonymous_4)
FN:141,(anonymous_5)
FN:148,(anonymous_6)
FN:165,(anonymous_7)
FN:172,(anonymous_8)
FNF:9
FNH:0
FNDA:0,(anonymous_0)
FNDA:0,(anonymous_1)
FNDA:0,(anonymous_2)
FNDA:0,(anonymous_3)
FNDA:0,(anonymous_4)
FNDA:0,(anonymous_5)
FNDA:0,(anonymous_6)
FNDA:0,(anonymous_7)
FNDA:0,(anonymous_8)
DA:40,0
DA:41,0
DA:47,0
DA:48,0
DA:49,0
DA:52,0
DA:70,0
DA:72,0
DA:74,0
DA:75,0
DA:76,0
DA:77,0
DA:79,0
DA:80,0
DA:81,0
DA:82,0
DA:83,0
DA:86,0
DA:89,0
DA:98,0
DA:100,0
DA:101,0
DA:102,0
DA:103,0
DA:106,0
DA:108,0
DA:109,0
DA:110,0
DA:113,0
DA:122,0
DA:123,0
DA:124,0
DA:125,0
DA:133,0
DA:134,0
DA:135,0
DA:142,0
DA:149,0
DA:166,0
DA:173,0
DA:174,0
LF:41
LH:0
BRDA:46,0,0,0
BRDA:61,1,0,0
BRDA:61,1,1,0
BRDA:100,2,0,0
BRDA:122,3,0,0
BRDA:157,4,0,0
BRDA:157,4,1,0
BRDA:158,5,0,0
BRDA:158,5,1,0
BRF:9
BRH:0
end_of_record
TN:
SF:src\services\weather\WeatherService.ts
FN:41,(anonymous_0)
FN:45,(anonymous_1)
FN:62,(anonymous_2)
FN:67,(anonymous_3)
FN:82,(anonymous_4)
FN:106,(anonymous_5)
FN:110,(anonymous_6)
FN:115,(anonymous_7)
FN:122,(anonymous_8)
FN:138,(anonymous_9)
FN:153,(anonymous_10)
FNF:11
FNH:0
FNDA:0,(anonymous_0)
FNDA:0,(anonymous_1)
FNDA:0,(anonymous_2)
FNDA:0,(anonymous_3)
FNDA:0,(anonymous_4)
FNDA:0,(anonymous_5)
FNDA:0,(anonymous_6)
FNDA:0,(anonymous_7)
FNDA:0,(anonymous_8)
FNDA:0,(anonymous_9)
FNDA:0,(anonymous_10)
DA:35,0
DA:36,0
DA:37,0
DA:38,0
DA:39,0
DA:46,0
DA:47,0
DA:48,0
DA:50,0
DA:51,0
DA:52,0
DA:55,0
DA:56,0
DA:57,0
DA:59,0
DA:62,0
DA:63,0
DA:68,0
DA:70,0
DA:71,0
DA:72,0
DA:73,0
DA:75,0
DA:79,0
DA:83,0
DA:84,0
DA:85,0
DA:87,0
DA:88,0
DA:90,0
DA:91,0
DA:92,0
DA:93,0
DA:94,0
DA:95,0
DA:96,0
DA:97,0
DA:98,0
DA:99,0
DA:100,0
DA:102,0
DA:103,0
DA:107,0
DA:111,0
DA:112,0
DA:116,0
DA:117,0
DA:118,0
DA:119,0
DA:123,0
DA:124,0
DA:125,0
DA:126,0
DA:127,0
DA:128,0
DA:129,0
DA:130,0
DA:131,0
DA:132,0
DA:133,0
DA:135,0
DA:139,0
DA:140,0
DA:141,0
DA:142,0
DA:145,0
DA:148,0
DA:149,0
DA:154,0
LF:69
LH:0
BRDA:50,0,0,0
BRDA:50,0,1,0
BRDA:50,1,0,0
BRDA:50,1,1,0
BRDA:50,1,2,0
BRDA:50,1,3,0
BRDA:51,2,0,0
BRDA:70,3,0,0
BRDA:72,4,0,0
BRDA:72,4,1,0
BRDA:141,5,0,0
BRDA:141,6,0,0
BRDA:141,6,1,0
BRDA:155,7,0,0
BRDA:155,7,1,0
BRDA:156,8,0,0
BRDA:156,8,1,0
BRDA:157,9,0,0
BRDA:157,9,1,0
BRDA:158,10,0,0
BRDA:158,10,1,0
BRDA:159,11,0,0
BRDA:159,11,1,0
BRDA:160,12,0,0
BRDA:160,12,1,0
BRDA:161,13,0,0
BRDA:161,13,1,0
BRDA:162,14,0,0
BRDA:162,14,1,0
BRDA:163,15,0,0
BRDA:163,15,1,0
BRDA:164,16,0,0
BRDA:164,16,1,0
BRF:33
BRH:0
end_of_record
TN:
SF:src\web\web.ts
FN:14,(anonymous_0)
FN:19,(anonymous_1)
FNF:2
FNH:0
FNDA:0,(anonymous_0)
FNDA:0,(anonymous_1)
DA:15,0
DA:16,0
DA:20,0
LF:3
LH:0
BRF:0
BRH:0
end_of_record
